date:2020-01-21 22:26:22	thread:main	X-Track:	level:ERROR	logger:jdbc.audit                                      	message:8. Statement.execute(create table bingoResult (bingoId bigint not null auto_increment, bingoValue varchar(255) not null, createdAt datetime not null, bingoRoomId bigint not null, primary key (bingoId)) engine=MyISAM) create table bingoResult (bingoId bigint not null auto_increment, bingoValue varchar(255) not null, createdAt datetime not null, bingoRoomId bigint not null, primary key (bingoId)) engine=MyISAM
java.sql.SQLSyntaxErrorException: Table 'bingoresult' already exists
	at com.mysql.cj.jdbc.exceptions.SQLError.createSQLException(SQLError.java:120)
	at com.mysql.cj.jdbc.exceptions.SQLError.createSQLException(SQLError.java:97)
	at com.mysql.cj.jdbc.exceptions.SQLExceptionsMapping.translateException(SQLExceptionsMapping.java:122)
	at com.mysql.cj.jdbc.StatementImpl.executeInternal(StatementImpl.java:782)
	at com.mysql.cj.jdbc.StatementImpl.execute(StatementImpl.java:666)
	at org.apache.commons.dbcp2.DelegatingStatement.execute(DelegatingStatement.java:175)
	at org.apache.commons.dbcp2.DelegatingStatement.execute(DelegatingStatement.java:175)
	at net.sf.log4jdbc.StatementSpy.execute(StatementSpy.java:839)
	at org.hibernate.tool.schema.internal.exec.GenerationTargetToDatabase.accept(GenerationTargetToDatabase.java:54)
	at org.hibernate.tool.schema.internal.AbstractSchemaMigrator.applySqlString(AbstractSchemaMigrator.java:559)
	at org.hibernate.tool.schema.internal.AbstractSchemaMigrator.applySqlStrings(AbstractSchemaMigrator.java:504)
	at org.hibernate.tool.schema.internal.AbstractSchemaMigrator.createTable(AbstractSchemaMigrator.java:277)
	at org.hibernate.tool.schema.internal.GroupedSchemaMigratorImpl.performTablesMigration(GroupedSchemaMigratorImpl.java:71)
	at org.hibernate.tool.schema.internal.AbstractSchemaMigrator.performMigration(AbstractSchemaMigrator.java:207)
	at org.hibernate.tool.schema.internal.AbstractSchemaMigrator.doMigration(AbstractSchemaMigrator.java:114)
	at org.hibernate.tool.schema.spi.SchemaManagementToolCoordinator.performDatabaseAction(SchemaManagementToolCoordinator.java:183)
	at org.hibernate.tool.schema.spi.SchemaManagementToolCoordinator.process(SchemaManagementToolCoordinator.java:72)
	at org.hibernate.internal.SessionFactoryImpl.<init>(SessionFactoryImpl.java:310)
	at org.hibernate.boot.internal.SessionFactoryBuilderImpl.build(SessionFactoryBuilderImpl.java:467)
	at org.hibernate.jpa.boot.internal.EntityManagerFactoryBuilderImpl.build(EntityManagerFactoryBuilderImpl.java:939)
	at org.springframework.orm.jpa.vendor.SpringHibernateJpaPersistenceProvider.createContainerEntityManagerFactory(SpringHibernateJpaPersistenceProvider.java:57)
	at org.springframework.orm.jpa.LocalContainerEntityManagerFactoryBean.createNativeEntityManagerFactory(LocalContainerEntityManagerFactoryBean.java:365)
	at org.springframework.orm.jpa.AbstractEntityManagerFactoryBean.buildNativeEntityManagerFactory(AbstractEntityManagerFactoryBean.java:390)
	at org.springframework.orm.jpa.AbstractEntityManagerFactoryBean.afterPropertiesSet(AbstractEntityManagerFactoryBean.java:377)
	at org.springframework.orm.jpa.LocalContainerEntityManagerFactoryBean.afterPropertiesSet(LocalContainerEntityManagerFactoryBean.java:341)
	at org.springframework.beans.factory.support.AbstractAutowireCapableBeanFactory.invokeInitMethods(AbstractAutowireCapableBeanFactory.java:1804)
	at org.springframework.beans.factory.support.AbstractAutowireCapableBeanFactory.initializeBean(AbstractAutowireCapableBeanFactory.java:1741)
	at org.springframework.beans.factory.support.AbstractAutowireCapableBeanFactory.doCreateBean(AbstractAutowireCapableBeanFactory.java:576)
	at org.springframework.beans.factory.support.AbstractAutowireCapableBeanFactory.createBean(AbstractAutowireCapableBeanFactory.java:498)
	at org.springframework.beans.factory.support.AbstractBeanFactory.lambda$doGetBean$0(AbstractBeanFactory.java:320)
	at org.springframework.beans.factory.support.DefaultSingletonBeanRegistry.getSingleton(DefaultSingletonBeanRegistry.java:222)
	at org.springframework.beans.factory.support.AbstractBeanFactory.doGetBean(AbstractBeanFactory.java:318)
	at org.springframework.beans.factory.support.AbstractBeanFactory.getBean(AbstractBeanFactory.java:199)
	at org.springframework.context.support.AbstractApplicationContext.getBean(AbstractApplicationContext.java:1083)
	at org.springframework.context.support.AbstractApplicationContext.finishBeanFactoryInitialization(AbstractApplicationContext.java:853)
	at org.springframework.context.support.AbstractApplicationContext.refresh(AbstractApplicationContext.java:546)
	at org.springframework.test.context.support.AbstractGenericContextLoader.loadContext(AbstractGenericContextLoader.java:128)
	at org.springframework.test.context.support.AbstractGenericContextLoader.loadContext(AbstractGenericContextLoader.java:60)
	at org.springframework.test.context.support.AbstractDelegatingSmartContextLoader.delegateLoading(AbstractDelegatingSmartContextLoader.java:275)
	at org.springframework.test.context.support.AbstractDelegatingSmartContextLoader.loadContext(AbstractDelegatingSmartContextLoader.java:243)
	at org.springframework.test.context.cache.DefaultCacheAwareContextLoaderDelegate.loadContextInternal(DefaultCacheAwareContextLoaderDelegate.java:99)
	at org.springframework.test.context.cache.DefaultCacheAwareContextLoaderDelegate.loadContext(DefaultCacheAwareContextLoaderDelegate.java:117)
	at org.springframework.test.context.support.DefaultTestContext.getApplicationContext(DefaultTestContext.java:108)
	at org.springframework.test.context.support.DependencyInjectionTestExecutionListener.injectDependencies(DependencyInjectionTestExecutionListener.java:118)
	at org.springframework.test.context.support.DependencyInjectionTestExecutionListener.prepareTestInstance(DependencyInjectionTestExecutionListener.java:83)
	at org.springframework.test.context.TestContextManager.prepareTestInstance(TestContextManager.java:246)
	at org.springframework.test.context.junit4.SpringJUnit4ClassRunner.createTest(SpringJUnit4ClassRunner.java:227)
	at org.springframework.test.context.junit4.SpringJUnit4ClassRunner$1.runReflectiveCall(SpringJUnit4ClassRunner.java:289)
	at org.junit.internal.runners.model.ReflectiveCallable.run(ReflectiveCallable.java:12)
	at org.springframework.test.context.junit4.SpringJUnit4ClassRunner.methodBlock(SpringJUnit4ClassRunner.java:291)
	at org.springframework.test.context.junit4.SpringJUnit4ClassRunner.runChild(SpringJUnit4ClassRunner.java:246)
	at org.springframework.test.context.junit4.SpringJUnit4ClassRunner.runChild(SpringJUnit4ClassRunner.java:97)
	at org.junit.runners.ParentRunner$3.run(ParentRunner.java:290)
	at org.junit.runners.ParentRunner$1.schedule(ParentRunner.java:71)
	at org.junit.runners.ParentRunner.runChildren(ParentRunner.java:288)
	at org.junit.runners.ParentRunner.access$000(ParentRunner.java:58)
	at org.junit.runners.ParentRunner$2.evaluate(ParentRunner.java:268)
	at org.springframework.test.context.junit4.statements.RunBeforeTestClassCallbacks.evaluate(RunBeforeTestClassCallbacks.java:61)
	at org.springframework.test.context.junit4.statements.RunAfterTestClassCallbacks.evaluate(RunAfterTestClassCallbacks.java:70)
	at org.junit.runners.ParentRunner.run(ParentRunner.java:363)
	at org.springframework.test.context.junit4.SpringJUnit4ClassRunner.run(SpringJUnit4ClassRunner.java:190)
	at org.eclipse.jdt.internal.junit4.runner.JUnit4TestReference.run(JUnit4TestReference.java:89)
	at org.eclipse.jdt.internal.junit.runner.TestExecution.run(TestExecution.java:41)
	at org.eclipse.jdt.internal.junit.runner.RemoteTestRunner.runTests(RemoteTestRunner.java:542)
	at org.eclipse.jdt.internal.junit.runner.RemoteTestRunner.runTests(RemoteTestRunner.java:770)
	at org.eclipse.jdt.internal.junit.runner.RemoteTestRunner.run(RemoteTestRunner.java:464)
	at org.eclipse.jdt.internal.junit.runner.RemoteTestRunner.main(RemoteTestRunner.java:210)
date:2020-01-21 22:26:22	thread:main	X-Track:	level:ERROR	logger:jdbc.sqlonly                                    	message:8. Statement.execute(create table bingoResult (bingoId bigint not null auto_increment, bingoValue varchar(255) not null, createdAt datetime not null, bingoRoomId bigint not null, primary key (bingoId)) engine=MyISAM) create table bingoResult (bingoId bigint not null auto_increment, bingoValue varchar(255) not null, createdAt datetime not null, bingoRoomId bigint not null, primary key (bingoId)) engine=MyISAM
java.sql.SQLSyntaxErrorException: Table 'bingoresult' already exists
	at com.mysql.cj.jdbc.exceptions.SQLError.createSQLException(SQLError.java:120)
	at com.mysql.cj.jdbc.exceptions.SQLError.createSQLException(SQLError.java:97)
	at com.mysql.cj.jdbc.exceptions.SQLExceptionsMapping.translateException(SQLExceptionsMapping.java:122)
	at com.mysql.cj.jdbc.StatementImpl.executeInternal(StatementImpl.java:782)
	at com.mysql.cj.jdbc.StatementImpl.execute(StatementImpl.java:666)
	at org.apache.commons.dbcp2.DelegatingStatement.execute(DelegatingStatement.java:175)
	at org.apache.commons.dbcp2.DelegatingStatement.execute(DelegatingStatement.java:175)
	at net.sf.log4jdbc.StatementSpy.execute(StatementSpy.java:839)
	at org.hibernate.tool.schema.internal.exec.GenerationTargetToDatabase.accept(GenerationTargetToDatabase.java:54)
	at org.hibernate.tool.schema.internal.AbstractSchemaMigrator.applySqlString(AbstractSchemaMigrator.java:559)
	at org.hibernate.tool.schema.internal.AbstractSchemaMigrator.applySqlStrings(AbstractSchemaMigrator.java:504)
	at org.hibernate.tool.schema.internal.AbstractSchemaMigrator.createTable(AbstractSchemaMigrator.java:277)
	at org.hibernate.tool.schema.internal.GroupedSchemaMigratorImpl.performTablesMigration(GroupedSchemaMigratorImpl.java:71)
	at org.hibernate.tool.schema.internal.AbstractSchemaMigrator.performMigration(AbstractSchemaMigrator.java:207)
	at org.hibernate.tool.schema.internal.AbstractSchemaMigrator.doMigration(AbstractSchemaMigrator.java:114)
	at org.hibernate.tool.schema.spi.SchemaManagementToolCoordinator.performDatabaseAction(SchemaManagementToolCoordinator.java:183)
	at org.hibernate.tool.schema.spi.SchemaManagementToolCoordinator.process(SchemaManagementToolCoordinator.java:72)
	at org.hibernate.internal.SessionFactoryImpl.<init>(SessionFactoryImpl.java:310)
	at org.hibernate.boot.internal.SessionFactoryBuilderImpl.build(SessionFactoryBuilderImpl.java:467)
	at org.hibernate.jpa.boot.internal.EntityManagerFactoryBuilderImpl.build(EntityManagerFactoryBuilderImpl.java:939)
	at org.springframework.orm.jpa.vendor.SpringHibernateJpaPersistenceProvider.createContainerEntityManagerFactory(SpringHibernateJpaPersistenceProvider.java:57)
	at org.springframework.orm.jpa.LocalContainerEntityManagerFactoryBean.createNativeEntityManagerFactory(LocalContainerEntityManagerFactoryBean.java:365)
	at org.springframework.orm.jpa.AbstractEntityManagerFactoryBean.buildNativeEntityManagerFactory(AbstractEntityManagerFactoryBean.java:390)
	at org.springframework.orm.jpa.AbstractEntityManagerFactoryBean.afterPropertiesSet(AbstractEntityManagerFactoryBean.java:377)
	at org.springframework.orm.jpa.LocalContainerEntityManagerFactoryBean.afterPropertiesSet(LocalContainerEntityManagerFactoryBean.java:341)
	at org.springframework.beans.factory.support.AbstractAutowireCapableBeanFactory.invokeInitMethods(AbstractAutowireCapableBeanFactory.java:1804)
	at org.springframework.beans.factory.support.AbstractAutowireCapableBeanFactory.initializeBean(AbstractAutowireCapableBeanFactory.java:1741)
	at org.springframework.beans.factory.support.AbstractAutowireCapableBeanFactory.doCreateBean(AbstractAutowireCapableBeanFactory.java:576)
	at org.springframework.beans.factory.support.AbstractAutowireCapableBeanFactory.createBean(AbstractAutowireCapableBeanFactory.java:498)
	at org.springframework.beans.factory.support.AbstractBeanFactory.lambda$doGetBean$0(AbstractBeanFactory.java:320)
	at org.springframework.beans.factory.support.DefaultSingletonBeanRegistry.getSingleton(DefaultSingletonBeanRegistry.java:222)
	at org.springframework.beans.factory.support.AbstractBeanFactory.doGetBean(AbstractBeanFactory.java:318)
	at org.springframework.beans.factory.support.AbstractBeanFactory.getBean(AbstractBeanFactory.java:199)
	at org.springframework.context.support.AbstractApplicationContext.getBean(AbstractApplicationContext.java:1083)
	at org.springframework.context.support.AbstractApplicationContext.finishBeanFactoryInitialization(AbstractApplicationContext.java:853)
	at org.springframework.context.support.AbstractApplicationContext.refresh(AbstractApplicationContext.java:546)
	at org.springframework.test.context.support.AbstractGenericContextLoader.loadContext(AbstractGenericContextLoader.java:128)
	at org.springframework.test.context.support.AbstractGenericContextLoader.loadContext(AbstractGenericContextLoader.java:60)
	at org.springframework.test.context.support.AbstractDelegatingSmartContextLoader.delegateLoading(AbstractDelegatingSmartContextLoader.java:275)
	at org.springframework.test.context.support.AbstractDelegatingSmartContextLoader.loadContext(AbstractDelegatingSmartContextLoader.java:243)
	at org.springframework.test.context.cache.DefaultCacheAwareContextLoaderDelegate.loadContextInternal(DefaultCacheAwareContextLoaderDelegate.java:99)
	at org.springframework.test.context.cache.DefaultCacheAwareContextLoaderDelegate.loadContext(DefaultCacheAwareContextLoaderDelegate.java:117)
	at org.springframework.test.context.support.DefaultTestContext.getApplicationContext(DefaultTestContext.java:108)
	at org.springframework.test.context.support.DependencyInjectionTestExecutionListener.injectDependencies(DependencyInjectionTestExecutionListener.java:118)
	at org.springframework.test.context.support.DependencyInjectionTestExecutionListener.prepareTestInstance(DependencyInjectionTestExecutionListener.java:83)
	at org.springframework.test.context.TestContextManager.prepareTestInstance(TestContextManager.java:246)
	at org.springframework.test.context.junit4.SpringJUnit4ClassRunner.createTest(SpringJUnit4ClassRunner.java:227)
	at org.springframework.test.context.junit4.SpringJUnit4ClassRunner$1.runReflectiveCall(SpringJUnit4ClassRunner.java:289)
	at org.junit.internal.runners.model.ReflectiveCallable.run(ReflectiveCallable.java:12)
	at org.springframework.test.context.junit4.SpringJUnit4ClassRunner.methodBlock(SpringJUnit4ClassRunner.java:291)
	at org.springframework.test.context.junit4.SpringJUnit4ClassRunner.runChild(SpringJUnit4ClassRunner.java:246)
	at org.springframework.test.context.junit4.SpringJUnit4ClassRunner.runChild(SpringJUnit4ClassRunner.java:97)
	at org.junit.runners.ParentRunner$3.run(ParentRunner.java:290)
	at org.junit.runners.ParentRunner$1.schedule(ParentRunner.java:71)
	at org.junit.runners.ParentRunner.runChildren(ParentRunner.java:288)
	at org.junit.runners.ParentRunner.access$000(ParentRunner.java:58)
	at org.junit.runners.ParentRunner$2.evaluate(ParentRunner.java:268)
	at org.springframework.test.context.junit4.statements.RunBeforeTestClassCallbacks.evaluate(RunBeforeTestClassCallbacks.java:61)
	at org.springframework.test.context.junit4.statements.RunAfterTestClassCallbacks.evaluate(RunAfterTestClassCallbacks.java:70)
	at org.junit.runners.ParentRunner.run(ParentRunner.java:363)
	at org.springframework.test.context.junit4.SpringJUnit4ClassRunner.run(SpringJUnit4ClassRunner.java:190)
	at org.eclipse.jdt.internal.junit4.runner.JUnit4TestReference.run(JUnit4TestReference.java:89)
	at org.eclipse.jdt.internal.junit.runner.TestExecution.run(TestExecution.java:41)
	at org.eclipse.jdt.internal.junit.runner.RemoteTestRunner.runTests(RemoteTestRunner.java:542)
	at org.eclipse.jdt.internal.junit.runner.RemoteTestRunner.runTests(RemoteTestRunner.java:770)
	at org.eclipse.jdt.internal.junit.runner.RemoteTestRunner.run(RemoteTestRunner.java:464)
	at org.eclipse.jdt.internal.junit.runner.RemoteTestRunner.main(RemoteTestRunner.java:210)
date:2020-01-21 22:26:22	thread:main	X-Track:	level:ERROR	logger:jdbc.sqltiming                                  	message: org.hibernate.tool.schema.internal.exec.GenerationTargetToDatabase.accept(GenerationTargetToDatabase.java:54)
8. create table bingoResult (bingoId bigint not null auto_increment, bingoValue varchar(255) not null, createdAt datetime not null, bingoRoomId bigint not null, primary key (bingoId)) engine=MyISAM {FAILED after 27 msec}
java.sql.SQLSyntaxErrorException: Table 'bingoresult' already exists
	at com.mysql.cj.jdbc.exceptions.SQLError.createSQLException(SQLError.java:120)
	at com.mysql.cj.jdbc.exceptions.SQLError.createSQLException(SQLError.java:97)
	at com.mysql.cj.jdbc.exceptions.SQLExceptionsMapping.translateException(SQLExceptionsMapping.java:122)
	at com.mysql.cj.jdbc.StatementImpl.executeInternal(StatementImpl.java:782)
	at com.mysql.cj.jdbc.StatementImpl.execute(StatementImpl.java:666)
	at org.apache.commons.dbcp2.DelegatingStatement.execute(DelegatingStatement.java:175)
	at org.apache.commons.dbcp2.DelegatingStatement.execute(DelegatingStatement.java:175)
	at net.sf.log4jdbc.StatementSpy.execute(StatementSpy.java:839)
	at org.hibernate.tool.schema.internal.exec.GenerationTargetToDatabase.accept(GenerationTargetToDatabase.java:54)
	at org.hibernate.tool.schema.internal.AbstractSchemaMigrator.applySqlString(AbstractSchemaMigrator.java:559)
	at org.hibernate.tool.schema.internal.AbstractSchemaMigrator.applySqlStrings(AbstractSchemaMigrator.java:504)
	at org.hibernate.tool.schema.internal.AbstractSchemaMigrator.createTable(AbstractSchemaMigrator.java:277)
	at org.hibernate.tool.schema.internal.GroupedSchemaMigratorImpl.performTablesMigration(GroupedSchemaMigratorImpl.java:71)
	at org.hibernate.tool.schema.internal.AbstractSchemaMigrator.performMigration(AbstractSchemaMigrator.java:207)
	at org.hibernate.tool.schema.internal.AbstractSchemaMigrator.doMigration(AbstractSchemaMigrator.java:114)
	at org.hibernate.tool.schema.spi.SchemaManagementToolCoordinator.performDatabaseAction(SchemaManagementToolCoordinator.java:183)
	at org.hibernate.tool.schema.spi.SchemaManagementToolCoordinator.process(SchemaManagementToolCoordinator.java:72)
	at org.hibernate.internal.SessionFactoryImpl.<init>(SessionFactoryImpl.java:310)
	at org.hibernate.boot.internal.SessionFactoryBuilderImpl.build(SessionFactoryBuilderImpl.java:467)
	at org.hibernate.jpa.boot.internal.EntityManagerFactoryBuilderImpl.build(EntityManagerFactoryBuilderImpl.java:939)
	at org.springframework.orm.jpa.vendor.SpringHibernateJpaPersistenceProvider.createContainerEntityManagerFactory(SpringHibernateJpaPersistenceProvider.java:57)
	at org.springframework.orm.jpa.LocalContainerEntityManagerFactoryBean.createNativeEntityManagerFactory(LocalContainerEntityManagerFactoryBean.java:365)
	at org.springframework.orm.jpa.AbstractEntityManagerFactoryBean.buildNativeEntityManagerFactory(AbstractEntityManagerFactoryBean.java:390)
	at org.springframework.orm.jpa.AbstractEntityManagerFactoryBean.afterPropertiesSet(AbstractEntityManagerFactoryBean.java:377)
	at org.springframework.orm.jpa.LocalContainerEntityManagerFactoryBean.afterPropertiesSet(LocalContainerEntityManagerFactoryBean.java:341)
	at org.springframework.beans.factory.support.AbstractAutowireCapableBeanFactory.invokeInitMethods(AbstractAutowireCapableBeanFactory.java:1804)
	at org.springframework.beans.factory.support.AbstractAutowireCapableBeanFactory.initializeBean(AbstractAutowireCapableBeanFactory.java:1741)
	at org.springframework.beans.factory.support.AbstractAutowireCapableBeanFactory.doCreateBean(AbstractAutowireCapableBeanFactory.java:576)
	at org.springframework.beans.factory.support.AbstractAutowireCapableBeanFactory.createBean(AbstractAutowireCapableBeanFactory.java:498)
	at org.springframework.beans.factory.support.AbstractBeanFactory.lambda$doGetBean$0(AbstractBeanFactory.java:320)
	at org.springframework.beans.factory.support.DefaultSingletonBeanRegistry.getSingleton(DefaultSingletonBeanRegistry.java:222)
	at org.springframework.beans.factory.support.AbstractBeanFactory.doGetBean(AbstractBeanFactory.java:318)
	at org.springframework.beans.factory.support.AbstractBeanFactory.getBean(AbstractBeanFactory.java:199)
	at org.springframework.context.support.AbstractApplicationContext.getBean(AbstractApplicationContext.java:1083)
	at org.springframework.context.support.AbstractApplicationContext.finishBeanFactoryInitialization(AbstractApplicationContext.java:853)
	at org.springframework.context.support.AbstractApplicationContext.refresh(AbstractApplicationContext.java:546)
	at org.springframework.test.context.support.AbstractGenericContextLoader.loadContext(AbstractGenericContextLoader.java:128)
	at org.springframework.test.context.support.AbstractGenericContextLoader.loadContext(AbstractGenericContextLoader.java:60)
	at org.springframework.test.context.support.AbstractDelegatingSmartContextLoader.delegateLoading(AbstractDelegatingSmartContextLoader.java:275)
	at org.springframework.test.context.support.AbstractDelegatingSmartContextLoader.loadContext(AbstractDelegatingSmartContextLoader.java:243)
	at org.springframework.test.context.cache.DefaultCacheAwareContextLoaderDelegate.loadContextInternal(DefaultCacheAwareContextLoaderDelegate.java:99)
	at org.springframework.test.context.cache.DefaultCacheAwareContextLoaderDelegate.loadContext(DefaultCacheAwareContextLoaderDelegate.java:117)
	at org.springframework.test.context.support.DefaultTestContext.getApplicationContext(DefaultTestContext.java:108)
	at org.springframework.test.context.support.DependencyInjectionTestExecutionListener.injectDependencies(DependencyInjectionTestExecutionListener.java:118)
	at org.springframework.test.context.support.DependencyInjectionTestExecutionListener.prepareTestInstance(DependencyInjectionTestExecutionListener.java:83)
	at org.springframework.test.context.TestContextManager.prepareTestInstance(TestContextManager.java:246)
	at org.springframework.test.context.junit4.SpringJUnit4ClassRunner.createTest(SpringJUnit4ClassRunner.java:227)
	at org.springframework.test.context.junit4.SpringJUnit4ClassRunner$1.runReflectiveCall(SpringJUnit4ClassRunner.java:289)
	at org.junit.internal.runners.model.ReflectiveCallable.run(ReflectiveCallable.java:12)
	at org.springframework.test.context.junit4.SpringJUnit4ClassRunner.methodBlock(SpringJUnit4ClassRunner.java:291)
	at org.springframework.test.context.junit4.SpringJUnit4ClassRunner.runChild(SpringJUnit4ClassRunner.java:246)
	at org.springframework.test.context.junit4.SpringJUnit4ClassRunner.runChild(SpringJUnit4ClassRunner.java:97)
	at org.junit.runners.ParentRunner$3.run(ParentRunner.java:290)
	at org.junit.runners.ParentRunner$1.schedule(ParentRunner.java:71)
	at org.junit.runners.ParentRunner.runChildren(ParentRunner.java:288)
	at org.junit.runners.ParentRunner.access$000(ParentRunner.java:58)
	at org.junit.runners.ParentRunner$2.evaluate(ParentRunner.java:268)
	at org.springframework.test.context.junit4.statements.RunBeforeTestClassCallbacks.evaluate(RunBeforeTestClassCallbacks.java:61)
	at org.springframework.test.context.junit4.statements.RunAfterTestClassCallbacks.evaluate(RunAfterTestClassCallbacks.java:70)
	at org.junit.runners.ParentRunner.run(ParentRunner.java:363)
	at org.springframework.test.context.junit4.SpringJUnit4ClassRunner.run(SpringJUnit4ClassRunner.java:190)
	at org.eclipse.jdt.internal.junit4.runner.JUnit4TestReference.run(JUnit4TestReference.java:89)
	at org.eclipse.jdt.internal.junit.runner.TestExecution.run(TestExecution.java:41)
	at org.eclipse.jdt.internal.junit.runner.RemoteTestRunner.runTests(RemoteTestRunner.java:542)
	at org.eclipse.jdt.internal.junit.runner.RemoteTestRunner.runTests(RemoteTestRunner.java:770)
	at org.eclipse.jdt.internal.junit.runner.RemoteTestRunner.run(RemoteTestRunner.java:464)
	at org.eclipse.jdt.internal.junit.runner.RemoteTestRunner.main(RemoteTestRunner.java:210)
date:2020-01-21 22:26:22	thread:main	X-Track:	level:WARN 	logger:o.h.t.schema.internal.ExceptionHandlerLoggedImpl	message:GenerationTarget encountered exception accepting command : Error executing DDL "create table bingoResult (bingoId bigint not null auto_increment, bingoValue varchar(255) not null, createdAt datetime not null, bingoRoomId bigint not null, primary key (bingoId)) engine=MyISAM" via JDBC Statement
org.hibernate.tool.schema.spi.CommandAcceptanceException: Error executing DDL "create table bingoResult (bingoId bigint not null auto_increment, bingoValue varchar(255) not null, createdAt datetime not null, bingoRoomId bigint not null, primary key (bingoId)) engine=MyISAM" via JDBC Statement
	at org.hibernate.tool.schema.internal.exec.GenerationTargetToDatabase.accept(GenerationTargetToDatabase.java:67)
	at org.hibernate.tool.schema.internal.AbstractSchemaMigrator.applySqlString(AbstractSchemaMigrator.java:559)
	at org.hibernate.tool.schema.internal.AbstractSchemaMigrator.applySqlStrings(AbstractSchemaMigrator.java:504)
	at org.hibernate.tool.schema.internal.AbstractSchemaMigrator.createTable(AbstractSchemaMigrator.java:277)
	at org.hibernate.tool.schema.internal.GroupedSchemaMigratorImpl.performTablesMigration(GroupedSchemaMigratorImpl.java:71)
	at org.hibernate.tool.schema.internal.AbstractSchemaMigrator.performMigration(AbstractSchemaMigrator.java:207)
	at org.hibernate.tool.schema.internal.AbstractSchemaMigrator.doMigration(AbstractSchemaMigrator.java:114)
	at org.hibernate.tool.schema.spi.SchemaManagementToolCoordinator.performDatabaseAction(SchemaManagementToolCoordinator.java:183)
	at org.hibernate.tool.schema.spi.SchemaManagementToolCoordinator.process(SchemaManagementToolCoordinator.java:72)
	at org.hibernate.internal.SessionFactoryImpl.<init>(SessionFactoryImpl.java:310)
	at org.hibernate.boot.internal.SessionFactoryBuilderImpl.build(SessionFactoryBuilderImpl.java:467)
	at org.hibernate.jpa.boot.internal.EntityManagerFactoryBuilderImpl.build(EntityManagerFactoryBuilderImpl.java:939)
	at org.springframework.orm.jpa.vendor.SpringHibernateJpaPersistenceProvider.createContainerEntityManagerFactory(SpringHibernateJpaPersistenceProvider.java:57)
	at org.springframework.orm.jpa.LocalContainerEntityManagerFactoryBean.createNativeEntityManagerFactory(LocalContainerEntityManagerFactoryBean.java:365)
	at org.springframework.orm.jpa.AbstractEntityManagerFactoryBean.buildNativeEntityManagerFactory(AbstractEntityManagerFactoryBean.java:390)
	at org.springframework.orm.jpa.AbstractEntityManagerFactoryBean.afterPropertiesSet(AbstractEntityManagerFactoryBean.java:377)
	at org.springframework.orm.jpa.LocalContainerEntityManagerFactoryBean.afterPropertiesSet(LocalContainerEntityManagerFactoryBean.java:341)
	at org.springframework.beans.factory.support.AbstractAutowireCapableBeanFactory.invokeInitMethods(AbstractAutowireCapableBeanFactory.java:1804)
	at org.springframework.beans.factory.support.AbstractAutowireCapableBeanFactory.initializeBean(AbstractAutowireCapableBeanFactory.java:1741)
	at org.springframework.beans.factory.support.AbstractAutowireCapableBeanFactory.doCreateBean(AbstractAutowireCapableBeanFactory.java:576)
	at org.springframework.beans.factory.support.AbstractAutowireCapableBeanFactory.createBean(AbstractAutowireCapableBeanFactory.java:498)
	at org.springframework.beans.factory.support.AbstractBeanFactory.lambda$doGetBean$0(AbstractBeanFactory.java:320)
	at org.springframework.beans.factory.support.DefaultSingletonBeanRegistry.getSingleton(DefaultSingletonBeanRegistry.java:222)
	at org.springframework.beans.factory.support.AbstractBeanFactory.doGetBean(AbstractBeanFactory.java:318)
	at org.springframework.beans.factory.support.AbstractBeanFactory.getBean(AbstractBeanFactory.java:199)
	at org.springframework.context.support.AbstractApplicationContext.getBean(AbstractApplicationContext.java:1083)
	at org.springframework.context.support.AbstractApplicationContext.finishBeanFactoryInitialization(AbstractApplicationContext.java:853)
	at org.springframework.context.support.AbstractApplicationContext.refresh(AbstractApplicationContext.java:546)
	at org.springframework.test.context.support.AbstractGenericContextLoader.loadContext(AbstractGenericContextLoader.java:128)
	at org.springframework.test.context.support.AbstractGenericContextLoader.loadContext(AbstractGenericContextLoader.java:60)
	at org.springframework.test.context.support.AbstractDelegatingSmartContextLoader.delegateLoading(AbstractDelegatingSmartContextLoader.java:275)
	at org.springframework.test.context.support.AbstractDelegatingSmartContextLoader.loadContext(AbstractDelegatingSmartContextLoader.java:243)
	at org.springframework.test.context.cache.DefaultCacheAwareContextLoaderDelegate.loadContextInternal(DefaultCacheAwareContextLoaderDelegate.java:99)
	at org.springframework.test.context.cache.DefaultCacheAwareContextLoaderDelegate.loadContext(DefaultCacheAwareContextLoaderDelegate.java:117)
	at org.springframework.test.context.support.DefaultTestContext.getApplicationContext(DefaultTestContext.java:108)
	at org.springframework.test.context.support.DependencyInjectionTestExecutionListener.injectDependencies(DependencyInjectionTestExecutionListener.java:118)
	at org.springframework.test.context.support.DependencyInjectionTestExecutionListener.prepareTestInstance(DependencyInjectionTestExecutionListener.java:83)
	at org.springframework.test.context.TestContextManager.prepareTestInstance(TestContextManager.java:246)
	at org.springframework.test.context.junit4.SpringJUnit4ClassRunner.createTest(SpringJUnit4ClassRunner.java:227)
	at org.springframework.test.context.junit4.SpringJUnit4ClassRunner$1.runReflectiveCall(SpringJUnit4ClassRunner.java:289)
	at org.junit.internal.runners.model.ReflectiveCallable.run(ReflectiveCallable.java:12)
	at org.springframework.test.context.junit4.SpringJUnit4ClassRunner.methodBlock(SpringJUnit4ClassRunner.java:291)
	at org.springframework.test.context.junit4.SpringJUnit4ClassRunner.runChild(SpringJUnit4ClassRunner.java:246)
	at org.springframework.test.context.junit4.SpringJUnit4ClassRunner.runChild(SpringJUnit4ClassRunner.java:97)
	at org.junit.runners.ParentRunner$3.run(ParentRunner.java:290)
	at org.junit.runners.ParentRunner$1.schedule(ParentRunner.java:71)
	at org.junit.runners.ParentRunner.runChildren(ParentRunner.java:288)
	at org.junit.runners.ParentRunner.access$000(ParentRunner.java:58)
	at org.junit.runners.ParentRunner$2.evaluate(ParentRunner.java:268)
	at org.springframework.test.context.junit4.statements.RunBeforeTestClassCallbacks.evaluate(RunBeforeTestClassCallbacks.java:61)
	at org.springframework.test.context.junit4.statements.RunAfterTestClassCallbacks.evaluate(RunAfterTestClassCallbacks.java:70)
	at org.junit.runners.ParentRunner.run(ParentRunner.java:363)
	at org.springframework.test.context.junit4.SpringJUnit4ClassRunner.run(SpringJUnit4ClassRunner.java:190)
	at org.eclipse.jdt.internal.junit4.runner.JUnit4TestReference.run(JUnit4TestReference.java:89)
	at org.eclipse.jdt.internal.junit.runner.TestExecution.run(TestExecution.java:41)
	at org.eclipse.jdt.internal.junit.runner.RemoteTestRunner.runTests(RemoteTestRunner.java:542)
	at org.eclipse.jdt.internal.junit.runner.RemoteTestRunner.runTests(RemoteTestRunner.java:770)
	at org.eclipse.jdt.internal.junit.runner.RemoteTestRunner.run(RemoteTestRunner.java:464)
	at org.eclipse.jdt.internal.junit.runner.RemoteTestRunner.main(RemoteTestRunner.java:210)
Caused by: java.sql.SQLSyntaxErrorException: Table 'bingoresult' already exists
	at com.mysql.cj.jdbc.exceptions.SQLError.createSQLException(SQLError.java:120)
	at com.mysql.cj.jdbc.exceptions.SQLError.createSQLException(SQLError.java:97)
	at com.mysql.cj.jdbc.exceptions.SQLExceptionsMapping.translateException(SQLExceptionsMapping.java:122)
	at com.mysql.cj.jdbc.StatementImpl.executeInternal(StatementImpl.java:782)
	at com.mysql.cj.jdbc.StatementImpl.execute(StatementImpl.java:666)
	at org.apache.commons.dbcp2.DelegatingStatement.execute(DelegatingStatement.java:175)
	at org.apache.commons.dbcp2.DelegatingStatement.execute(DelegatingStatement.java:175)
	at net.sf.log4jdbc.StatementSpy.execute(StatementSpy.java:839)
	at org.hibernate.tool.schema.internal.exec.GenerationTargetToDatabase.accept(GenerationTargetToDatabase.java:54)
	... 58 common frames omitted
date:2020-01-21 22:26:23	thread:main	X-Track:	level:DEBUG	logger:jdbc.sqltiming                                  	message: org.hibernate.tool.schema.internal.exec.GenerationTargetToDatabase.accept(GenerationTargetToDatabase.java:54)
8. alter table bingoResult add constraint FKg9u4xw02q1ai0up60ft7uiy7k foreign key (bingoRoomId) references bingoRoom (bingoRoomId) {executed in 56 msec}
date:2020-01-21 22:26:23	thread:main	X-Track:	level:DEBUG	logger:jdbc.sqltiming                                  	message: org.hibernate.tool.schema.internal.exec.GenerationTargetToDatabase.accept(GenerationTargetToDatabase.java:54)
8. alter table bingoRoom add constraint FK7vlt4te64wuctmwq8b8b3q9tc foreign key (createUserId) references userAccount (userId) {executed in 27 msec}
date:2020-01-21 22:26:23	thread:main	X-Track:	level:DEBUG	logger:o.h.e.t.j.platform.internal.JtaPlatformInitiator	message:No JtaPlatform was specified, checking resolver
date:2020-01-21 22:26:23	thread:main	X-Track:	level:DEBUG	logger:o.h.e.t.j.p.i.JtaPlatformResolverInitiator      	message:No JtaPlatformResolver was specified, using default [org.hibernate.engine.transaction.jta.platform.internal.StandardJtaPlatformResolver]
date:2020-01-21 22:26:23	thread:main	X-Track:	level:DEBUG	logger:o.h.e.t.j.p.internal.StandardJtaPlatformResolver	message:Could not resolve JtaPlatform, using default [org.hibernate.engine.transaction.jta.platform.internal.NoJtaPlatform]
date:2020-01-21 22:26:23	thread:main	X-Track:	level:DEBUG	logger:o.h.engine.transaction.internal.TransactionImpl 	message:On TransactionImpl creation, JpaCompliance#isJpaTransactionComplianceEnabled == false
date:2020-01-21 22:26:23	thread:main	X-Track:	level:DEBUG	logger:o.h.engine.transaction.internal.TransactionImpl 	message:On TransactionImpl creation, JpaCompliance#isJpaTransactionComplianceEnabled == false
date:2020-01-21 22:26:23	thread:main	X-Track:	level:DEBUG	logger:o.h.engine.transaction.internal.TransactionImpl 	message:On TransactionImpl creation, JpaCompliance#isJpaTransactionComplianceEnabled == false
date:2020-01-21 22:26:23	thread:main	X-Track:	level:DEBUG	logger:o.h.engine.transaction.internal.TransactionImpl 	message:On TransactionImpl creation, JpaCompliance#isJpaTransactionComplianceEnabled == false
date:2020-01-21 22:26:23	thread:main	X-Track:	level:DEBUG	logger:o.h.engine.transaction.internal.TransactionImpl 	message:begin
date:2020-01-21 22:26:23	thread:main	X-Track:	level:DEBUG	logger:jdbc.sqltiming                                  	message: org.springframework.jdbc.datasource.init.ScriptUtils.executeSqlScript(ScriptUtils.java:486)
9. insert into userAccount(userId, userName, password) values(3, "demo", "{pbkdf2}1dd84f42a7a9a173f8f806d736d34939bed6a36e2948e8bfe88801ee5e6e61b815efc389d03165a4") {executed in 5 msec}
date:2020-01-21 22:26:23	thread:main	X-Track:	level:DEBUG	logger:jdbc.sqltiming                                  	message: org.springframework.jdbc.datasource.init.ScriptUtils.executeSqlScript(ScriptUtils.java:486)
9. insert into userAccount(userId, userName, password) values(4, "demo", "{pbkdf2}1dd84f42a7a9a173f8f806d736d34939bed6a36e2948e8bfe88801ee5e6e61b815efc389d03165a4") {executed in 3 msec}
date:2020-01-21 22:26:23	thread:main	X-Track:	level:DEBUG	logger:jdbc.sqltiming                                  	message: org.springframework.jdbc.datasource.init.ScriptUtils.executeSqlScript(ScriptUtils.java:486)
9. insert into bingoRoom(roomName, started, finished, createUserId) value("test1", false, false, 3) {executed in 2 msec}
date:2020-01-21 22:26:23	thread:main	X-Track:	level:DEBUG	logger:jdbc.sqltiming                                  	message: org.springframework.jdbc.datasource.init.ScriptUtils.executeSqlScript(ScriptUtils.java:486)
9. insert into bingoRoom(roomName, started, finished, createUserId) value("test2", true, false, 3) {executed in 2 msec}
date:2020-01-21 22:26:23	thread:main	X-Track:	level:DEBUG	logger:jdbc.sqltiming                                  	message: org.springframework.jdbc.datasource.init.ScriptUtils.executeSqlScript(ScriptUtils.java:486)
9. insert into bingoRoom(roomName, started, finished, createUserId) value("test3", false, true, 3) {executed in 2 msec}
date:2020-01-21 22:26:23	thread:main	X-Track:	level:DEBUG	logger:jdbc.sqltiming                                  	message: org.springframework.jdbc.datasource.init.ScriptUtils.executeSqlScript(ScriptUtils.java:486)
9. insert into bingoRoom(roomName, started, finished, createUserId) value("test3", false, true, 4) {executed in 2 msec}
date:2020-01-21 22:26:23	thread:main	X-Track:	level:DEBUG	logger:o.h.engine.transaction.internal.TransactionImpl 	message:rolling back
date:2020-01-21 22:45:35	thread:main	X-Track:	level:DEBUG	logger:jdbc.sqltiming                                  	message: org.hibernate.tool.schema.internal.exec.GenerationTargetToDatabase.accept(GenerationTargetToDatabase.java:54)
8. alter table bingoResult add constraint FKg9u4xw02q1ai0up60ft7uiy7k foreign key (bingoRoomId) references bingoRoom (bingoRoomId) {executed in 16 msec}
date:2020-01-21 22:45:35	thread:main	X-Track:	level:DEBUG	logger:jdbc.sqltiming                                  	message: org.hibernate.tool.schema.internal.exec.GenerationTargetToDatabase.accept(GenerationTargetToDatabase.java:54)
8. alter table bingoRoom add constraint FK7vlt4te64wuctmwq8b8b3q9tc foreign key (createUserId) references userAccount (userId) {executed in 18 msec}
date:2020-01-21 22:45:35	thread:main	X-Track:	level:DEBUG	logger:o.h.e.t.j.platform.internal.JtaPlatformInitiator	message:No JtaPlatform was specified, checking resolver
date:2020-01-21 22:45:35	thread:main	X-Track:	level:DEBUG	logger:o.h.e.t.j.p.i.JtaPlatformResolverInitiator      	message:No JtaPlatformResolver was specified, using default [org.hibernate.engine.transaction.jta.platform.internal.StandardJtaPlatformResolver]
date:2020-01-21 22:45:35	thread:main	X-Track:	level:DEBUG	logger:o.h.e.t.j.p.internal.StandardJtaPlatformResolver	message:Could not resolve JtaPlatform, using default [org.hibernate.engine.transaction.jta.platform.internal.NoJtaPlatform]
date:2020-01-21 22:45:35	thread:main	X-Track:	level:DEBUG	logger:o.h.engine.transaction.internal.TransactionImpl 	message:On TransactionImpl creation, JpaCompliance#isJpaTransactionComplianceEnabled == false
date:2020-01-21 22:45:35	thread:main	X-Track:	level:DEBUG	logger:o.h.engine.transaction.internal.TransactionImpl 	message:On TransactionImpl creation, JpaCompliance#isJpaTransactionComplianceEnabled == false
date:2020-01-21 22:45:35	thread:main	X-Track:	level:DEBUG	logger:o.h.engine.transaction.internal.TransactionImpl 	message:On TransactionImpl creation, JpaCompliance#isJpaTransactionComplianceEnabled == false
date:2020-01-21 22:45:35	thread:main	X-Track:	level:DEBUG	logger:o.h.engine.transaction.internal.TransactionImpl 	message:On TransactionImpl creation, JpaCompliance#isJpaTransactionComplianceEnabled == false
date:2020-01-21 22:45:35	thread:main	X-Track:	level:DEBUG	logger:o.h.engine.transaction.internal.TransactionImpl 	message:begin
date:2020-01-21 22:45:35	thread:main	X-Track:	level:ERROR	logger:jdbc.audit                                      	message:9. Statement.execute(insert into userAccount(userId, userName, password) values(3, "demo", "{pbkdf2}1dd84f42a7a9a173f8f806d736d34939bed6a36e2948e8bfe88801ee5e6e61b815efc389d03165a4")) insert into userAccount(userId, userName, password) values(3, "demo", "{pbkdf2}1dd84f42a7a9a173f8f806d736d34939bed6a36e2948e8bfe88801ee5e6e61b815efc389d03165a4")
java.sql.SQLIntegrityConstraintViolationException: Duplicate entry '3' for key 'PRIMARY'
	at com.mysql.cj.jdbc.exceptions.SQLError.createSQLException(SQLError.java:117)
	at com.mysql.cj.jdbc.exceptions.SQLError.createSQLException(SQLError.java:97)
	at com.mysql.cj.jdbc.exceptions.SQLExceptionsMapping.translateException(SQLExceptionsMapping.java:122)
	at com.mysql.cj.jdbc.StatementImpl.executeInternal(StatementImpl.java:782)
	at com.mysql.cj.jdbc.StatementImpl.execute(StatementImpl.java:666)
	at org.apache.commons.dbcp2.DelegatingStatement.execute(DelegatingStatement.java:175)
	at org.apache.commons.dbcp2.DelegatingStatement.execute(DelegatingStatement.java:175)
	at net.sf.log4jdbc.StatementSpy.execute(StatementSpy.java:839)
	at org.springframework.jdbc.datasource.init.ScriptUtils.executeSqlScript(ScriptUtils.java:486)
	at org.springframework.jdbc.datasource.init.ResourceDatabasePopulator.populate(ResourceDatabasePopulator.java:240)
	at org.springframework.jdbc.datasource.init.DatabasePopulatorUtils.execute(DatabasePopulatorUtils.java:48)
	at org.springframework.jdbc.datasource.init.ResourceDatabasePopulator.execute(ResourceDatabasePopulator.java:255)
	at org.springframework.test.context.jdbc.SqlScriptsTestExecutionListener.lambda$executeSqlScripts$3(SqlScriptsTestExecutionListener.java:229)
	at org.springframework.transaction.support.TransactionTemplate.execute(TransactionTemplate.java:140)
	at org.springframework.test.context.jdbc.SqlScriptsTestExecutionListener.executeSqlScripts(SqlScriptsTestExecutionListener.java:228)
	at org.springframework.test.context.jdbc.SqlScriptsTestExecutionListener.executeSqlScripts(SqlScriptsTestExecutionListener.java:142)
	at org.springframework.test.context.jdbc.SqlScriptsTestExecutionListener.beforeTestMethod(SqlScriptsTestExecutionListener.java:112)
	at org.springframework.test.context.TestContextManager.beforeTestMethod(TestContextManager.java:291)
	at org.springframework.test.context.junit4.statements.RunBeforeTestMethodCallbacks.evaluate(RunBeforeTestMethodCallbacks.java:74)
	at org.springframework.test.context.junit4.statements.RunAfterTestMethodCallbacks.evaluate(RunAfterTestMethodCallbacks.java:86)
	at org.springframework.test.context.junit4.statements.SpringRepeat.evaluate(SpringRepeat.java:84)
	at org.junit.runners.ParentRunner.runLeaf(ParentRunner.java:325)
	at org.springframework.test.context.junit4.SpringJUnit4ClassRunner.runChild(SpringJUnit4ClassRunner.java:251)
	at org.springframework.test.context.junit4.SpringJUnit4ClassRunner.runChild(SpringJUnit4ClassRunner.java:97)
	at org.junit.runners.ParentRunner$3.run(ParentRunner.java:290)
	at org.junit.runners.ParentRunner$1.schedule(ParentRunner.java:71)
	at org.junit.runners.ParentRunner.runChildren(ParentRunner.java:288)
	at org.junit.runners.ParentRunner.access$000(ParentRunner.java:58)
	at org.junit.runners.ParentRunner$2.evaluate(ParentRunner.java:268)
	at org.springframework.test.context.junit4.statements.RunBeforeTestClassCallbacks.evaluate(RunBeforeTestClassCallbacks.java:61)
	at org.springframework.test.context.junit4.statements.RunAfterTestClassCallbacks.evaluate(RunAfterTestClassCallbacks.java:70)
	at org.junit.runners.ParentRunner.run(ParentRunner.java:363)
	at org.springframework.test.context.junit4.SpringJUnit4ClassRunner.run(SpringJUnit4ClassRunner.java:190)
	at org.eclipse.jdt.internal.junit4.runner.JUnit4TestReference.run(JUnit4TestReference.java:89)
	at org.eclipse.jdt.internal.junit.runner.TestExecution.run(TestExecution.java:41)
	at org.eclipse.jdt.internal.junit.runner.RemoteTestRunner.runTests(RemoteTestRunner.java:542)
	at org.eclipse.jdt.internal.junit.runner.RemoteTestRunner.runTests(RemoteTestRunner.java:770)
	at org.eclipse.jdt.internal.junit.runner.RemoteTestRunner.run(RemoteTestRunner.java:464)
	at org.eclipse.jdt.internal.junit.runner.RemoteTestRunner.main(RemoteTestRunner.java:210)
date:2020-01-21 22:45:35	thread:main	X-Track:	level:ERROR	logger:jdbc.sqlonly                                    	message:9. Statement.execute(insert into userAccount(userId, userName, password) values(3, "demo", "{pbkdf2}1dd84f42a7a9a173f8f806d736d34939bed6a36e2948e8bfe88801ee5e6e61b815efc389d03165a4")) insert into userAccount(userId, userName, password) values(3, "demo", "{pbkdf2}1dd84f42a7a9a173f8f806d736d34939bed6a36e2948e8bfe88801ee5e6e61b815efc389d03165a4")
java.sql.SQLIntegrityConstraintViolationException: Duplicate entry '3' for key 'PRIMARY'
	at com.mysql.cj.jdbc.exceptions.SQLError.createSQLException(SQLError.java:117)
	at com.mysql.cj.jdbc.exceptions.SQLError.createSQLException(SQLError.java:97)
	at com.mysql.cj.jdbc.exceptions.SQLExceptionsMapping.translateException(SQLExceptionsMapping.java:122)
	at com.mysql.cj.jdbc.StatementImpl.executeInternal(StatementImpl.java:782)
	at com.mysql.cj.jdbc.StatementImpl.execute(StatementImpl.java:666)
	at org.apache.commons.dbcp2.DelegatingStatement.execute(DelegatingStatement.java:175)
	at org.apache.commons.dbcp2.DelegatingStatement.execute(DelegatingStatement.java:175)
	at net.sf.log4jdbc.StatementSpy.execute(StatementSpy.java:839)
	at org.springframework.jdbc.datasource.init.ScriptUtils.executeSqlScript(ScriptUtils.java:486)
	at org.springframework.jdbc.datasource.init.ResourceDatabasePopulator.populate(ResourceDatabasePopulator.java:240)
	at org.springframework.jdbc.datasource.init.DatabasePopulatorUtils.execute(DatabasePopulatorUtils.java:48)
	at org.springframework.jdbc.datasource.init.ResourceDatabasePopulator.execute(ResourceDatabasePopulator.java:255)
	at org.springframework.test.context.jdbc.SqlScriptsTestExecutionListener.lambda$executeSqlScripts$3(SqlScriptsTestExecutionListener.java:229)
	at org.springframework.transaction.support.TransactionTemplate.execute(TransactionTemplate.java:140)
	at org.springframework.test.context.jdbc.SqlScriptsTestExecutionListener.executeSqlScripts(SqlScriptsTestExecutionListener.java:228)
	at org.springframework.test.context.jdbc.SqlScriptsTestExecutionListener.executeSqlScripts(SqlScriptsTestExecutionListener.java:142)
	at org.springframework.test.context.jdbc.SqlScriptsTestExecutionListener.beforeTestMethod(SqlScriptsTestExecutionListener.java:112)
	at org.springframework.test.context.TestContextManager.beforeTestMethod(TestContextManager.java:291)
	at org.springframework.test.context.junit4.statements.RunBeforeTestMethodCallbacks.evaluate(RunBeforeTestMethodCallbacks.java:74)
	at org.springframework.test.context.junit4.statements.RunAfterTestMethodCallbacks.evaluate(RunAfterTestMethodCallbacks.java:86)
	at org.springframework.test.context.junit4.statements.SpringRepeat.evaluate(SpringRepeat.java:84)
	at org.junit.runners.ParentRunner.runLeaf(ParentRunner.java:325)
	at org.springframework.test.context.junit4.SpringJUnit4ClassRunner.runChild(SpringJUnit4ClassRunner.java:251)
	at org.springframework.test.context.junit4.SpringJUnit4ClassRunner.runChild(SpringJUnit4ClassRunner.java:97)
	at org.junit.runners.ParentRunner$3.run(ParentRunner.java:290)
	at org.junit.runners.ParentRunner$1.schedule(ParentRunner.java:71)
	at org.junit.runners.ParentRunner.runChildren(ParentRunner.java:288)
	at org.junit.runners.ParentRunner.access$000(ParentRunner.java:58)
	at org.junit.runners.ParentRunner$2.evaluate(ParentRunner.java:268)
	at org.springframework.test.context.junit4.statements.RunBeforeTestClassCallbacks.evaluate(RunBeforeTestClassCallbacks.java:61)
	at org.springframework.test.context.junit4.statements.RunAfterTestClassCallbacks.evaluate(RunAfterTestClassCallbacks.java:70)
	at org.junit.runners.ParentRunner.run(ParentRunner.java:363)
	at org.springframework.test.context.junit4.SpringJUnit4ClassRunner.run(SpringJUnit4ClassRunner.java:190)
	at org.eclipse.jdt.internal.junit4.runner.JUnit4TestReference.run(JUnit4TestReference.java:89)
	at org.eclipse.jdt.internal.junit.runner.TestExecution.run(TestExecution.java:41)
	at org.eclipse.jdt.internal.junit.runner.RemoteTestRunner.runTests(RemoteTestRunner.java:542)
	at org.eclipse.jdt.internal.junit.runner.RemoteTestRunner.runTests(RemoteTestRunner.java:770)
	at org.eclipse.jdt.internal.junit.runner.RemoteTestRunner.run(RemoteTestRunner.java:464)
	at org.eclipse.jdt.internal.junit.runner.RemoteTestRunner.main(RemoteTestRunner.java:210)
date:2020-01-21 22:45:35	thread:main	X-Track:	level:ERROR	logger:jdbc.sqltiming                                  	message: org.springframework.jdbc.datasource.init.ScriptUtils.executeSqlScript(ScriptUtils.java:486)
9. insert into userAccount(userId, userName, password) values(3, "demo", "{pbkdf2}1dd84f42a7a9a173f8f806d736d34939bed6a36e2948e8bfe88801ee5e6e61b815efc389d03165a4") {FAILED after 22 msec}
java.sql.SQLIntegrityConstraintViolationException: Duplicate entry '3' for key 'PRIMARY'
	at com.mysql.cj.jdbc.exceptions.SQLError.createSQLException(SQLError.java:117)
	at com.mysql.cj.jdbc.exceptions.SQLError.createSQLException(SQLError.java:97)
	at com.mysql.cj.jdbc.exceptions.SQLExceptionsMapping.translateException(SQLExceptionsMapping.java:122)
	at com.mysql.cj.jdbc.StatementImpl.executeInternal(StatementImpl.java:782)
	at com.mysql.cj.jdbc.StatementImpl.execute(StatementImpl.java:666)
	at org.apache.commons.dbcp2.DelegatingStatement.execute(DelegatingStatement.java:175)
	at org.apache.commons.dbcp2.DelegatingStatement.execute(DelegatingStatement.java:175)
	at net.sf.log4jdbc.StatementSpy.execute(StatementSpy.java:839)
	at org.springframework.jdbc.datasource.init.ScriptUtils.executeSqlScript(ScriptUtils.java:486)
	at org.springframework.jdbc.datasource.init.ResourceDatabasePopulator.populate(ResourceDatabasePopulator.java:240)
	at org.springframework.jdbc.datasource.init.DatabasePopulatorUtils.execute(DatabasePopulatorUtils.java:48)
	at org.springframework.jdbc.datasource.init.ResourceDatabasePopulator.execute(ResourceDatabasePopulator.java:255)
	at org.springframework.test.context.jdbc.SqlScriptsTestExecutionListener.lambda$executeSqlScripts$3(SqlScriptsTestExecutionListener.java:229)
	at org.springframework.transaction.support.TransactionTemplate.execute(TransactionTemplate.java:140)
	at org.springframework.test.context.jdbc.SqlScriptsTestExecutionListener.executeSqlScripts(SqlScriptsTestExecutionListener.java:228)
	at org.springframework.test.context.jdbc.SqlScriptsTestExecutionListener.executeSqlScripts(SqlScriptsTestExecutionListener.java:142)
	at org.springframework.test.context.jdbc.SqlScriptsTestExecutionListener.beforeTestMethod(SqlScriptsTestExecutionListener.java:112)
	at org.springframework.test.context.TestContextManager.beforeTestMethod(TestContextManager.java:291)
	at org.springframework.test.context.junit4.statements.RunBeforeTestMethodCallbacks.evaluate(RunBeforeTestMethodCallbacks.java:74)
	at org.springframework.test.context.junit4.statements.RunAfterTestMethodCallbacks.evaluate(RunAfterTestMethodCallbacks.java:86)
	at org.springframework.test.context.junit4.statements.SpringRepeat.evaluate(SpringRepeat.java:84)
	at org.junit.runners.ParentRunner.runLeaf(ParentRunner.java:325)
	at org.springframework.test.context.junit4.SpringJUnit4ClassRunner.runChild(SpringJUnit4ClassRunner.java:251)
	at org.springframework.test.context.junit4.SpringJUnit4ClassRunner.runChild(SpringJUnit4ClassRunner.java:97)
	at org.junit.runners.ParentRunner$3.run(ParentRunner.java:290)
	at org.junit.runners.ParentRunner$1.schedule(ParentRunner.java:71)
	at org.junit.runners.ParentRunner.runChildren(ParentRunner.java:288)
	at org.junit.runners.ParentRunner.access$000(ParentRunner.java:58)
	at org.junit.runners.ParentRunner$2.evaluate(ParentRunner.java:268)
	at org.springframework.test.context.junit4.statements.RunBeforeTestClassCallbacks.evaluate(RunBeforeTestClassCallbacks.java:61)
	at org.springframework.test.context.junit4.statements.RunAfterTestClassCallbacks.evaluate(RunAfterTestClassCallbacks.java:70)
	at org.junit.runners.ParentRunner.run(ParentRunner.java:363)
	at org.springframework.test.context.junit4.SpringJUnit4ClassRunner.run(SpringJUnit4ClassRunner.java:190)
	at org.eclipse.jdt.internal.junit4.runner.JUnit4TestReference.run(JUnit4TestReference.java:89)
	at org.eclipse.jdt.internal.junit.runner.TestExecution.run(TestExecution.java:41)
	at org.eclipse.jdt.internal.junit.runner.RemoteTestRunner.runTests(RemoteTestRunner.java:542)
	at org.eclipse.jdt.internal.junit.runner.RemoteTestRunner.runTests(RemoteTestRunner.java:770)
	at org.eclipse.jdt.internal.junit.runner.RemoteTestRunner.run(RemoteTestRunner.java:464)
	at org.eclipse.jdt.internal.junit.runner.RemoteTestRunner.main(RemoteTestRunner.java:210)
date:2020-01-21 22:45:35	thread:main	X-Track:	level:WARN 	logger:o.s.test.context.TestContextManager             	message:Caught exception while invoking 'beforeTestMethod' callback on TestExecutionListener [org.springframework.test.context.jdbc.SqlScriptsTestExecutionListener@31b0f02] for test method [public void com.example.bingo.domain.repository.bingoroom.BingoRoomRepositoryTest.findAllByCreateUserAccountUserId()] and test instance [com.example.bingo.domain.repository.bingoroom.BingoRoomRepositoryTest@19ae2ee5]
org.springframework.jdbc.datasource.init.ScriptStatementFailedException: Failed to execute SQL script statement #1 of class path resource [META-INF/sql/bingoroom/findAllByCreateUserAccountUserId.sql]: insert into userAccount(userId, userName, password) values(3, "demo", "{pbkdf2}1dd84f42a7a9a173f8f806d736d34939bed6a36e2948e8bfe88801ee5e6e61b815efc389d03165a4"); nested exception is java.sql.SQLIntegrityConstraintViolationException: Duplicate entry '3' for key 'PRIMARY'
	at org.springframework.jdbc.datasource.init.ScriptUtils.executeSqlScript(ScriptUtils.java:507)
	at org.springframework.jdbc.datasource.init.ResourceDatabasePopulator.populate(ResourceDatabasePopulator.java:240)
	at org.springframework.jdbc.datasource.init.DatabasePopulatorUtils.execute(DatabasePopulatorUtils.java:48)
	at org.springframework.jdbc.datasource.init.ResourceDatabasePopulator.execute(ResourceDatabasePopulator.java:255)
	at org.springframework.test.context.jdbc.SqlScriptsTestExecutionListener.lambda$executeSqlScripts$3(SqlScriptsTestExecutionListener.java:229)
	at org.springframework.transaction.support.TransactionTemplate.execute(TransactionTemplate.java:140)
	at org.springframework.test.context.jdbc.SqlScriptsTestExecutionListener.executeSqlScripts(SqlScriptsTestExecutionListener.java:228)
	at org.springframework.test.context.jdbc.SqlScriptsTestExecutionListener.executeSqlScripts(SqlScriptsTestExecutionListener.java:142)
	at org.springframework.test.context.jdbc.SqlScriptsTestExecutionListener.beforeTestMethod(SqlScriptsTestExecutionListener.java:112)
	at org.springframework.test.context.TestContextManager.beforeTestMethod(TestContextManager.java:291)
	at org.springframework.test.context.junit4.statements.RunBeforeTestMethodCallbacks.evaluate(RunBeforeTestMethodCallbacks.java:74)
	at org.springframework.test.context.junit4.statements.RunAfterTestMethodCallbacks.evaluate(RunAfterTestMethodCallbacks.java:86)
	at org.springframework.test.context.junit4.statements.SpringRepeat.evaluate(SpringRepeat.java:84)
	at org.junit.runners.ParentRunner.runLeaf(ParentRunner.java:325)
	at org.springframework.test.context.junit4.SpringJUnit4ClassRunner.runChild(SpringJUnit4ClassRunner.java:251)
	at org.springframework.test.context.junit4.SpringJUnit4ClassRunner.runChild(SpringJUnit4ClassRunner.java:97)
	at org.junit.runners.ParentRunner$3.run(ParentRunner.java:290)
	at org.junit.runners.ParentRunner$1.schedule(ParentRunner.java:71)
	at org.junit.runners.ParentRunner.runChildren(ParentRunner.java:288)
	at org.junit.runners.ParentRunner.access$000(ParentRunner.java:58)
	at org.junit.runners.ParentRunner$2.evaluate(ParentRunner.java:268)
	at org.springframework.test.context.junit4.statements.RunBeforeTestClassCallbacks.evaluate(RunBeforeTestClassCallbacks.java:61)
	at org.springframework.test.context.junit4.statements.RunAfterTestClassCallbacks.evaluate(RunAfterTestClassCallbacks.java:70)
	at org.junit.runners.ParentRunner.run(ParentRunner.java:363)
	at org.springframework.test.context.junit4.SpringJUnit4ClassRunner.run(SpringJUnit4ClassRunner.java:190)
	at org.eclipse.jdt.internal.junit4.runner.JUnit4TestReference.run(JUnit4TestReference.java:89)
	at org.eclipse.jdt.internal.junit.runner.TestExecution.run(TestExecution.java:41)
	at org.eclipse.jdt.internal.junit.runner.RemoteTestRunner.runTests(RemoteTestRunner.java:542)
	at org.eclipse.jdt.internal.junit.runner.RemoteTestRunner.runTests(RemoteTestRunner.java:770)
	at org.eclipse.jdt.internal.junit.runner.RemoteTestRunner.run(RemoteTestRunner.java:464)
	at org.eclipse.jdt.internal.junit.runner.RemoteTestRunner.main(RemoteTestRunner.java:210)
Caused by: java.sql.SQLIntegrityConstraintViolationException: Duplicate entry '3' for key 'PRIMARY'
	at com.mysql.cj.jdbc.exceptions.SQLError.createSQLException(SQLError.java:117)
	at com.mysql.cj.jdbc.exceptions.SQLError.createSQLException(SQLError.java:97)
	at com.mysql.cj.jdbc.exceptions.SQLExceptionsMapping.translateException(SQLExceptionsMapping.java:122)
	at com.mysql.cj.jdbc.StatementImpl.executeInternal(StatementImpl.java:782)
	at com.mysql.cj.jdbc.StatementImpl.execute(StatementImpl.java:666)
	at org.apache.commons.dbcp2.DelegatingStatement.execute(DelegatingStatement.java:175)
	at org.apache.commons.dbcp2.DelegatingStatement.execute(DelegatingStatement.java:175)
	at net.sf.log4jdbc.StatementSpy.execute(StatementSpy.java:839)
	at org.springframework.jdbc.datasource.init.ScriptUtils.executeSqlScript(ScriptUtils.java:486)
	... 30 common frames omitted
date:2020-01-21 22:45:35	thread:main	X-Track:	level:DEBUG	logger:o.h.engine.transaction.internal.TransactionImpl 	message:rolling back
date:2020-01-21 22:47:34	thread:main	X-Track:	level:DEBUG	logger:jdbc.sqltiming                                  	message: org.hibernate.tool.schema.internal.exec.GenerationTargetToDatabase.accept(GenerationTargetToDatabase.java:54)
8. alter table bingoResult add constraint FKg9u4xw02q1ai0up60ft7uiy7k foreign key (bingoRoomId) references bingoRoom (bingoRoomId) {executed in 83 msec}
date:2020-01-21 22:47:34	thread:main	X-Track:	level:DEBUG	logger:jdbc.sqltiming                                  	message: org.hibernate.tool.schema.internal.exec.GenerationTargetToDatabase.accept(GenerationTargetToDatabase.java:54)
8. alter table bingoRoom add constraint FK7vlt4te64wuctmwq8b8b3q9tc foreign key (createUserId) references userAccount (userId) {executed in 15 msec}
date:2020-01-21 22:47:34	thread:main	X-Track:	level:DEBUG	logger:o.h.e.t.j.platform.internal.JtaPlatformInitiator	message:No JtaPlatform was specified, checking resolver
date:2020-01-21 22:47:34	thread:main	X-Track:	level:DEBUG	logger:o.h.e.t.j.p.i.JtaPlatformResolverInitiator      	message:No JtaPlatformResolver was specified, using default [org.hibernate.engine.transaction.jta.platform.internal.StandardJtaPlatformResolver]
date:2020-01-21 22:47:34	thread:main	X-Track:	level:DEBUG	logger:o.h.e.t.j.p.internal.StandardJtaPlatformResolver	message:Could not resolve JtaPlatform, using default [org.hibernate.engine.transaction.jta.platform.internal.NoJtaPlatform]
date:2020-01-21 22:47:34	thread:main	X-Track:	level:DEBUG	logger:o.h.engine.transaction.internal.TransactionImpl 	message:On TransactionImpl creation, JpaCompliance#isJpaTransactionComplianceEnabled == false
date:2020-01-21 22:47:35	thread:main	X-Track:	level:DEBUG	logger:o.h.engine.transaction.internal.TransactionImpl 	message:On TransactionImpl creation, JpaCompliance#isJpaTransactionComplianceEnabled == false
date:2020-01-21 22:47:35	thread:main	X-Track:	level:DEBUG	logger:o.h.engine.transaction.internal.TransactionImpl 	message:On TransactionImpl creation, JpaCompliance#isJpaTransactionComplianceEnabled == false
date:2020-01-21 22:47:35	thread:main	X-Track:	level:DEBUG	logger:o.h.engine.transaction.internal.TransactionImpl 	message:On TransactionImpl creation, JpaCompliance#isJpaTransactionComplianceEnabled == false
date:2020-01-21 22:47:35	thread:main	X-Track:	level:DEBUG	logger:o.h.engine.transaction.internal.TransactionImpl 	message:begin
date:2020-01-21 22:47:35	thread:main	X-Track:	level:DEBUG	logger:jdbc.sqltiming                                  	message: org.springframework.jdbc.datasource.init.ScriptUtils.executeSqlScript(ScriptUtils.java:486)
9. insert into userAccount(userId, userName, password) values(3, "demo", "{pbkdf2}1dd84f42a7a9a173f8f806d736d34939bed6a36e2948e8bfe88801ee5e6e61b815efc389d03165a4") {executed in 4 msec}
date:2020-01-21 22:47:35	thread:main	X-Track:	level:DEBUG	logger:jdbc.sqltiming                                  	message: org.springframework.jdbc.datasource.init.ScriptUtils.executeSqlScript(ScriptUtils.java:486)
9. insert into userAccount(userId, userName, password) values(4, "demo", "{pbkdf2}1dd84f42a7a9a173f8f806d736d34939bed6a36e2948e8bfe88801ee5e6e61b815efc389d03165a4") {executed in 1 msec}
date:2020-01-21 22:47:35	thread:main	X-Track:	level:DEBUG	logger:jdbc.sqltiming                                  	message: org.springframework.jdbc.datasource.init.ScriptUtils.executeSqlScript(ScriptUtils.java:486)
9. insert into bingoRoom(roomName, started, finished, createUserId) value("test1", false, false, 3) {executed in 2 msec}
date:2020-01-21 22:47:35	thread:main	X-Track:	level:DEBUG	logger:jdbc.sqltiming                                  	message: org.springframework.jdbc.datasource.init.ScriptUtils.executeSqlScript(ScriptUtils.java:486)
9. insert into bingoRoom(roomName, started, finished, createUserId) value("test2", true, false, 3) {executed in 2 msec}
date:2020-01-21 22:47:35	thread:main	X-Track:	level:DEBUG	logger:jdbc.sqltiming                                  	message: org.springframework.jdbc.datasource.init.ScriptUtils.executeSqlScript(ScriptUtils.java:486)
9. insert into bingoRoom(roomName, started, finished, createUserId) value("test3", false, true, 3) {executed in 2 msec}
date:2020-01-21 22:47:35	thread:main	X-Track:	level:DEBUG	logger:jdbc.sqltiming                                  	message: org.springframework.jdbc.datasource.init.ScriptUtils.executeSqlScript(ScriptUtils.java:486)
9. insert into bingoRoom(roomName, started, finished, createUserId) value("test3", false, true, 4) {executed in 1 msec}
date:2020-01-21 22:47:35	thread:main	X-Track:	level:DEBUG	logger:o.h.engine.transaction.internal.TransactionImpl 	message:rolling back
date:2020-01-21 22:57:16	thread:main	X-Track:	level:DEBUG	logger:jdbc.sqltiming                                  	message: org.hibernate.tool.schema.internal.exec.GenerationTargetToDatabase.accept(GenerationTargetToDatabase.java:54)
8. alter table bingoResult add constraint FKg9u4xw02q1ai0up60ft7uiy7k foreign key (bingoRoomId) references bingoRoom (bingoRoomId) {executed in 69 msec}
date:2020-01-21 22:57:16	thread:main	X-Track:	level:DEBUG	logger:jdbc.sqltiming                                  	message: org.hibernate.tool.schema.internal.exec.GenerationTargetToDatabase.accept(GenerationTargetToDatabase.java:54)
8. alter table bingoRoom add constraint FK7vlt4te64wuctmwq8b8b3q9tc foreign key (createUserId) references userAccount (userId) {executed in 20 msec}
date:2020-01-21 22:57:16	thread:main	X-Track:	level:DEBUG	logger:o.h.e.t.j.platform.internal.JtaPlatformInitiator	message:No JtaPlatform was specified, checking resolver
date:2020-01-21 22:57:16	thread:main	X-Track:	level:DEBUG	logger:o.h.e.t.j.p.i.JtaPlatformResolverInitiator      	message:No JtaPlatformResolver was specified, using default [org.hibernate.engine.transaction.jta.platform.internal.StandardJtaPlatformResolver]
date:2020-01-21 22:57:16	thread:main	X-Track:	level:DEBUG	logger:o.h.e.t.j.p.internal.StandardJtaPlatformResolver	message:Could not resolve JtaPlatform, using default [org.hibernate.engine.transaction.jta.platform.internal.NoJtaPlatform]
date:2020-01-21 22:57:16	thread:main	X-Track:	level:DEBUG	logger:o.h.engine.transaction.internal.TransactionImpl 	message:On TransactionImpl creation, JpaCompliance#isJpaTransactionComplianceEnabled == false
date:2020-01-21 22:57:17	thread:main	X-Track:	level:DEBUG	logger:o.h.engine.transaction.internal.TransactionImpl 	message:On TransactionImpl creation, JpaCompliance#isJpaTransactionComplianceEnabled == false
date:2020-01-21 22:57:17	thread:main	X-Track:	level:DEBUG	logger:o.h.engine.transaction.internal.TransactionImpl 	message:On TransactionImpl creation, JpaCompliance#isJpaTransactionComplianceEnabled == false
date:2020-01-21 22:57:17	thread:main	X-Track:	level:DEBUG	logger:o.h.engine.transaction.internal.TransactionImpl 	message:On TransactionImpl creation, JpaCompliance#isJpaTransactionComplianceEnabled == false
date:2020-01-21 22:57:17	thread:main	X-Track:	level:DEBUG	logger:o.h.engine.transaction.internal.TransactionImpl 	message:begin
date:2020-01-21 22:57:17	thread:main	X-Track:	level:DEBUG	logger:jdbc.sqltiming                                  	message: org.springframework.jdbc.datasource.init.ScriptUtils.executeSqlScript(ScriptUtils.java:486)
9. insert into userAccount(userId, userName, password) values(3, "demo", "{pbkdf2}1dd84f42a7a9a173f8f806d736d34939bed6a36e2948e8bfe88801ee5e6e61b815efc389d03165a4") {executed in 6 msec}
date:2020-01-21 22:57:17	thread:main	X-Track:	level:DEBUG	logger:jdbc.sqltiming                                  	message: org.springframework.jdbc.datasource.init.ScriptUtils.executeSqlScript(ScriptUtils.java:486)
9. insert into userAccount(userId, userName, password) values(4, "demo", "{pbkdf2}1dd84f42a7a9a173f8f806d736d34939bed6a36e2948e8bfe88801ee5e6e61b815efc389d03165a4") {executed in 2 msec}
date:2020-01-21 22:57:17	thread:main	X-Track:	level:DEBUG	logger:jdbc.sqltiming                                  	message: org.springframework.jdbc.datasource.init.ScriptUtils.executeSqlScript(ScriptUtils.java:486)
9. insert into bingoRoom(bingoRoomId, roomName, started, finished, createUserId) value(10, "test1", false, false, 3) {executed in 2 msec}
date:2020-01-21 22:57:17	thread:main	X-Track:	level:DEBUG	logger:jdbc.sqltiming                                  	message: org.springframework.jdbc.datasource.init.ScriptUtils.executeSqlScript(ScriptUtils.java:486)
9. insert into bingoRoom(bingoRoomId, roomName, started, finished, createUserId) value(11, "test2", true, false, 3) {executed in 2 msec}
date:2020-01-21 22:57:17	thread:main	X-Track:	level:DEBUG	logger:jdbc.sqltiming                                  	message: org.springframework.jdbc.datasource.init.ScriptUtils.executeSqlScript(ScriptUtils.java:486)
9. insert into bingoRoom(bingoRoomId, roomName, started, finished, createUserId) value(12, "test3", false, true, 3) {executed in 1 msec}
date:2020-01-21 22:57:17	thread:main	X-Track:	level:DEBUG	logger:jdbc.sqltiming                                  	message: org.springframework.jdbc.datasource.init.ScriptUtils.executeSqlScript(ScriptUtils.java:486)
9. insert into bingoRoom(bingoRoomId, roomName, started, finished, createUserId) value(13, "test3", false, true, 4) {executed in 1 msec}
date:2020-01-21 22:57:17	thread:main	X-Track:	level:DEBUG	logger:o.h.engine.transaction.internal.TransactionImpl 	message:rolling back
date:2020-01-21 22:58:03	thread:main	X-Track:	level:DEBUG	logger:jdbc.sqltiming                                  	message: org.hibernate.tool.schema.internal.exec.GenerationTargetToDatabase.accept(GenerationTargetToDatabase.java:54)
8. alter table bingoResult add constraint FKg9u4xw02q1ai0up60ft7uiy7k foreign key (bingoRoomId) references bingoRoom (bingoRoomId) {executed in 101 msec}
date:2020-01-21 22:58:03	thread:main	X-Track:	level:DEBUG	logger:jdbc.sqltiming                                  	message: org.hibernate.tool.schema.internal.exec.GenerationTargetToDatabase.accept(GenerationTargetToDatabase.java:54)
8. alter table bingoRoom add constraint FK7vlt4te64wuctmwq8b8b3q9tc foreign key (createUserId) references userAccount (userId) {executed in 22 msec}
date:2020-01-21 22:58:03	thread:main	X-Track:	level:DEBUG	logger:o.h.e.t.j.platform.internal.JtaPlatformInitiator	message:No JtaPlatform was specified, checking resolver
date:2020-01-21 22:58:03	thread:main	X-Track:	level:DEBUG	logger:o.h.e.t.j.p.i.JtaPlatformResolverInitiator      	message:No JtaPlatformResolver was specified, using default [org.hibernate.engine.transaction.jta.platform.internal.StandardJtaPlatformResolver]
date:2020-01-21 22:58:03	thread:main	X-Track:	level:DEBUG	logger:o.h.e.t.j.p.internal.StandardJtaPlatformResolver	message:Could not resolve JtaPlatform, using default [org.hibernate.engine.transaction.jta.platform.internal.NoJtaPlatform]
date:2020-01-21 22:58:04	thread:main	X-Track:	level:DEBUG	logger:o.h.engine.transaction.internal.TransactionImpl 	message:On TransactionImpl creation, JpaCompliance#isJpaTransactionComplianceEnabled == false
date:2020-01-21 22:58:04	thread:main	X-Track:	level:DEBUG	logger:o.h.engine.transaction.internal.TransactionImpl 	message:On TransactionImpl creation, JpaCompliance#isJpaTransactionComplianceEnabled == false
date:2020-01-21 22:58:04	thread:main	X-Track:	level:DEBUG	logger:o.h.engine.transaction.internal.TransactionImpl 	message:On TransactionImpl creation, JpaCompliance#isJpaTransactionComplianceEnabled == false
date:2020-01-21 22:58:04	thread:main	X-Track:	level:DEBUG	logger:o.h.engine.transaction.internal.TransactionImpl 	message:On TransactionImpl creation, JpaCompliance#isJpaTransactionComplianceEnabled == false
date:2020-01-21 22:58:04	thread:main	X-Track:	level:DEBUG	logger:o.h.engine.transaction.internal.TransactionImpl 	message:begin
date:2020-01-21 22:58:04	thread:main	X-Track:	level:ERROR	logger:jdbc.audit                                      	message:9. Statement.execute(insert into userAccount(userId, userName, password) values(3, "demo", "{pbkdf2}1dd84f42a7a9a173f8f806d736d34939bed6a36e2948e8bfe88801ee5e6e61b815efc389d03165a4")) insert into userAccount(userId, userName, password) values(3, "demo", "{pbkdf2}1dd84f42a7a9a173f8f806d736d34939bed6a36e2948e8bfe88801ee5e6e61b815efc389d03165a4")
java.sql.SQLIntegrityConstraintViolationException: Duplicate entry '3' for key 'PRIMARY'
	at com.mysql.cj.jdbc.exceptions.SQLError.createSQLException(SQLError.java:117)
	at com.mysql.cj.jdbc.exceptions.SQLError.createSQLException(SQLError.java:97)
	at com.mysql.cj.jdbc.exceptions.SQLExceptionsMapping.translateException(SQLExceptionsMapping.java:122)
	at com.mysql.cj.jdbc.StatementImpl.executeInternal(StatementImpl.java:782)
	at com.mysql.cj.jdbc.StatementImpl.execute(StatementImpl.java:666)
	at org.apache.commons.dbcp2.DelegatingStatement.execute(DelegatingStatement.java:175)
	at org.apache.commons.dbcp2.DelegatingStatement.execute(DelegatingStatement.java:175)
	at net.sf.log4jdbc.StatementSpy.execute(StatementSpy.java:839)
	at org.springframework.jdbc.datasource.init.ScriptUtils.executeSqlScript(ScriptUtils.java:486)
	at org.springframework.jdbc.datasource.init.ResourceDatabasePopulator.populate(ResourceDatabasePopulator.java:240)
	at org.springframework.jdbc.datasource.init.DatabasePopulatorUtils.execute(DatabasePopulatorUtils.java:48)
	at org.springframework.jdbc.datasource.init.ResourceDatabasePopulator.execute(ResourceDatabasePopulator.java:255)
	at org.springframework.test.context.jdbc.SqlScriptsTestExecutionListener.lambda$executeSqlScripts$3(SqlScriptsTestExecutionListener.java:229)
	at org.springframework.transaction.support.TransactionTemplate.execute(TransactionTemplate.java:140)
	at org.springframework.test.context.jdbc.SqlScriptsTestExecutionListener.executeSqlScripts(SqlScriptsTestExecutionListener.java:228)
	at org.springframework.test.context.jdbc.SqlScriptsTestExecutionListener.executeSqlScripts(SqlScriptsTestExecutionListener.java:142)
	at org.springframework.test.context.jdbc.SqlScriptsTestExecutionListener.beforeTestMethod(SqlScriptsTestExecutionListener.java:112)
	at org.springframework.test.context.TestContextManager.beforeTestMethod(TestContextManager.java:291)
	at org.springframework.test.context.junit4.statements.RunBeforeTestMethodCallbacks.evaluate(RunBeforeTestMethodCallbacks.java:74)
	at org.springframework.test.context.junit4.statements.RunAfterTestMethodCallbacks.evaluate(RunAfterTestMethodCallbacks.java:86)
	at org.springframework.test.context.junit4.statements.SpringRepeat.evaluate(SpringRepeat.java:84)
	at org.junit.runners.ParentRunner.runLeaf(ParentRunner.java:325)
	at org.springframework.test.context.junit4.SpringJUnit4ClassRunner.runChild(SpringJUnit4ClassRunner.java:251)
	at org.springframework.test.context.junit4.SpringJUnit4ClassRunner.runChild(SpringJUnit4ClassRunner.java:97)
	at org.junit.runners.ParentRunner$3.run(ParentRunner.java:290)
	at org.junit.runners.ParentRunner$1.schedule(ParentRunner.java:71)
	at org.junit.runners.ParentRunner.runChildren(ParentRunner.java:288)
	at org.junit.runners.ParentRunner.access$000(ParentRunner.java:58)
	at org.junit.runners.ParentRunner$2.evaluate(ParentRunner.java:268)
	at org.springframework.test.context.junit4.statements.RunBeforeTestClassCallbacks.evaluate(RunBeforeTestClassCallbacks.java:61)
	at org.springframework.test.context.junit4.statements.RunAfterTestClassCallbacks.evaluate(RunAfterTestClassCallbacks.java:70)
	at org.junit.runners.ParentRunner.run(ParentRunner.java:363)
	at org.springframework.test.context.junit4.SpringJUnit4ClassRunner.run(SpringJUnit4ClassRunner.java:190)
	at org.eclipse.jdt.internal.junit4.runner.JUnit4TestReference.run(JUnit4TestReference.java:89)
	at org.eclipse.jdt.internal.junit.runner.TestExecution.run(TestExecution.java:41)
	at org.eclipse.jdt.internal.junit.runner.RemoteTestRunner.runTests(RemoteTestRunner.java:542)
	at org.eclipse.jdt.internal.junit.runner.RemoteTestRunner.runTests(RemoteTestRunner.java:770)
	at org.eclipse.jdt.internal.junit.runner.RemoteTestRunner.run(RemoteTestRunner.java:464)
	at org.eclipse.jdt.internal.junit.runner.RemoteTestRunner.main(RemoteTestRunner.java:210)
date:2020-01-21 22:58:04	thread:main	X-Track:	level:ERROR	logger:jdbc.sqlonly                                    	message:9. Statement.execute(insert into userAccount(userId, userName, password) values(3, "demo", "{pbkdf2}1dd84f42a7a9a173f8f806d736d34939bed6a36e2948e8bfe88801ee5e6e61b815efc389d03165a4")) insert into userAccount(userId, userName, password) values(3, "demo", "{pbkdf2}1dd84f42a7a9a173f8f806d736d34939bed6a36e2948e8bfe88801ee5e6e61b815efc389d03165a4")
java.sql.SQLIntegrityConstraintViolationException: Duplicate entry '3' for key 'PRIMARY'
	at com.mysql.cj.jdbc.exceptions.SQLError.createSQLException(SQLError.java:117)
	at com.mysql.cj.jdbc.exceptions.SQLError.createSQLException(SQLError.java:97)
	at com.mysql.cj.jdbc.exceptions.SQLExceptionsMapping.translateException(SQLExceptionsMapping.java:122)
	at com.mysql.cj.jdbc.StatementImpl.executeInternal(StatementImpl.java:782)
	at com.mysql.cj.jdbc.StatementImpl.execute(StatementImpl.java:666)
	at org.apache.commons.dbcp2.DelegatingStatement.execute(DelegatingStatement.java:175)
	at org.apache.commons.dbcp2.DelegatingStatement.execute(DelegatingStatement.java:175)
	at net.sf.log4jdbc.StatementSpy.execute(StatementSpy.java:839)
	at org.springframework.jdbc.datasource.init.ScriptUtils.executeSqlScript(ScriptUtils.java:486)
	at org.springframework.jdbc.datasource.init.ResourceDatabasePopulator.populate(ResourceDatabasePopulator.java:240)
	at org.springframework.jdbc.datasource.init.DatabasePopulatorUtils.execute(DatabasePopulatorUtils.java:48)
	at org.springframework.jdbc.datasource.init.ResourceDatabasePopulator.execute(ResourceDatabasePopulator.java:255)
	at org.springframework.test.context.jdbc.SqlScriptsTestExecutionListener.lambda$executeSqlScripts$3(SqlScriptsTestExecutionListener.java:229)
	at org.springframework.transaction.support.TransactionTemplate.execute(TransactionTemplate.java:140)
	at org.springframework.test.context.jdbc.SqlScriptsTestExecutionListener.executeSqlScripts(SqlScriptsTestExecutionListener.java:228)
	at org.springframework.test.context.jdbc.SqlScriptsTestExecutionListener.executeSqlScripts(SqlScriptsTestExecutionListener.java:142)
	at org.springframework.test.context.jdbc.SqlScriptsTestExecutionListener.beforeTestMethod(SqlScriptsTestExecutionListener.java:112)
	at org.springframework.test.context.TestContextManager.beforeTestMethod(TestContextManager.java:291)
	at org.springframework.test.context.junit4.statements.RunBeforeTestMethodCallbacks.evaluate(RunBeforeTestMethodCallbacks.java:74)
	at org.springframework.test.context.junit4.statements.RunAfterTestMethodCallbacks.evaluate(RunAfterTestMethodCallbacks.java:86)
	at org.springframework.test.context.junit4.statements.SpringRepeat.evaluate(SpringRepeat.java:84)
	at org.junit.runners.ParentRunner.runLeaf(ParentRunner.java:325)
	at org.springframework.test.context.junit4.SpringJUnit4ClassRunner.runChild(SpringJUnit4ClassRunner.java:251)
	at org.springframework.test.context.junit4.SpringJUnit4ClassRunner.runChild(SpringJUnit4ClassRunner.java:97)
	at org.junit.runners.ParentRunner$3.run(ParentRunner.java:290)
	at org.junit.runners.ParentRunner$1.schedule(ParentRunner.java:71)
	at org.junit.runners.ParentRunner.runChildren(ParentRunner.java:288)
	at org.junit.runners.ParentRunner.access$000(ParentRunner.java:58)
	at org.junit.runners.ParentRunner$2.evaluate(ParentRunner.java:268)
	at org.springframework.test.context.junit4.statements.RunBeforeTestClassCallbacks.evaluate(RunBeforeTestClassCallbacks.java:61)
	at org.springframework.test.context.junit4.statements.RunAfterTestClassCallbacks.evaluate(RunAfterTestClassCallbacks.java:70)
	at org.junit.runners.ParentRunner.run(ParentRunner.java:363)
	at org.springframework.test.context.junit4.SpringJUnit4ClassRunner.run(SpringJUnit4ClassRunner.java:190)
	at org.eclipse.jdt.internal.junit4.runner.JUnit4TestReference.run(JUnit4TestReference.java:89)
	at org.eclipse.jdt.internal.junit.runner.TestExecution.run(TestExecution.java:41)
	at org.eclipse.jdt.internal.junit.runner.RemoteTestRunner.runTests(RemoteTestRunner.java:542)
	at org.eclipse.jdt.internal.junit.runner.RemoteTestRunner.runTests(RemoteTestRunner.java:770)
	at org.eclipse.jdt.internal.junit.runner.RemoteTestRunner.run(RemoteTestRunner.java:464)
	at org.eclipse.jdt.internal.junit.runner.RemoteTestRunner.main(RemoteTestRunner.java:210)
date:2020-01-21 22:58:04	thread:main	X-Track:	level:ERROR	logger:jdbc.sqltiming                                  	message: org.springframework.jdbc.datasource.init.ScriptUtils.executeSqlScript(ScriptUtils.java:486)
9. insert into userAccount(userId, userName, password) values(3, "demo", "{pbkdf2}1dd84f42a7a9a173f8f806d736d34939bed6a36e2948e8bfe88801ee5e6e61b815efc389d03165a4") {FAILED after 25 msec}
java.sql.SQLIntegrityConstraintViolationException: Duplicate entry '3' for key 'PRIMARY'
	at com.mysql.cj.jdbc.exceptions.SQLError.createSQLException(SQLError.java:117)
	at com.mysql.cj.jdbc.exceptions.SQLError.createSQLException(SQLError.java:97)
	at com.mysql.cj.jdbc.exceptions.SQLExceptionsMapping.translateException(SQLExceptionsMapping.java:122)
	at com.mysql.cj.jdbc.StatementImpl.executeInternal(StatementImpl.java:782)
	at com.mysql.cj.jdbc.StatementImpl.execute(StatementImpl.java:666)
	at org.apache.commons.dbcp2.DelegatingStatement.execute(DelegatingStatement.java:175)
	at org.apache.commons.dbcp2.DelegatingStatement.execute(DelegatingStatement.java:175)
	at net.sf.log4jdbc.StatementSpy.execute(StatementSpy.java:839)
	at org.springframework.jdbc.datasource.init.ScriptUtils.executeSqlScript(ScriptUtils.java:486)
	at org.springframework.jdbc.datasource.init.ResourceDatabasePopulator.populate(ResourceDatabasePopulator.java:240)
	at org.springframework.jdbc.datasource.init.DatabasePopulatorUtils.execute(DatabasePopulatorUtils.java:48)
	at org.springframework.jdbc.datasource.init.ResourceDatabasePopulator.execute(ResourceDatabasePopulator.java:255)
	at org.springframework.test.context.jdbc.SqlScriptsTestExecutionListener.lambda$executeSqlScripts$3(SqlScriptsTestExecutionListener.java:229)
	at org.springframework.transaction.support.TransactionTemplate.execute(TransactionTemplate.java:140)
	at org.springframework.test.context.jdbc.SqlScriptsTestExecutionListener.executeSqlScripts(SqlScriptsTestExecutionListener.java:228)
	at org.springframework.test.context.jdbc.SqlScriptsTestExecutionListener.executeSqlScripts(SqlScriptsTestExecutionListener.java:142)
	at org.springframework.test.context.jdbc.SqlScriptsTestExecutionListener.beforeTestMethod(SqlScriptsTestExecutionListener.java:112)
	at org.springframework.test.context.TestContextManager.beforeTestMethod(TestContextManager.java:291)
	at org.springframework.test.context.junit4.statements.RunBeforeTestMethodCallbacks.evaluate(RunBeforeTestMethodCallbacks.java:74)
	at org.springframework.test.context.junit4.statements.RunAfterTestMethodCallbacks.evaluate(RunAfterTestMethodCallbacks.java:86)
	at org.springframework.test.context.junit4.statements.SpringRepeat.evaluate(SpringRepeat.java:84)
	at org.junit.runners.ParentRunner.runLeaf(ParentRunner.java:325)
	at org.springframework.test.context.junit4.SpringJUnit4ClassRunner.runChild(SpringJUnit4ClassRunner.java:251)
	at org.springframework.test.context.junit4.SpringJUnit4ClassRunner.runChild(SpringJUnit4ClassRunner.java:97)
	at org.junit.runners.ParentRunner$3.run(ParentRunner.java:290)
	at org.junit.runners.ParentRunner$1.schedule(ParentRunner.java:71)
	at org.junit.runners.ParentRunner.runChildren(ParentRunner.java:288)
	at org.junit.runners.ParentRunner.access$000(ParentRunner.java:58)
	at org.junit.runners.ParentRunner$2.evaluate(ParentRunner.java:268)
	at org.springframework.test.context.junit4.statements.RunBeforeTestClassCallbacks.evaluate(RunBeforeTestClassCallbacks.java:61)
	at org.springframework.test.context.junit4.statements.RunAfterTestClassCallbacks.evaluate(RunAfterTestClassCallbacks.java:70)
	at org.junit.runners.ParentRunner.run(ParentRunner.java:363)
	at org.springframework.test.context.junit4.SpringJUnit4ClassRunner.run(SpringJUnit4ClassRunner.java:190)
	at org.eclipse.jdt.internal.junit4.runner.JUnit4TestReference.run(JUnit4TestReference.java:89)
	at org.eclipse.jdt.internal.junit.runner.TestExecution.run(TestExecution.java:41)
	at org.eclipse.jdt.internal.junit.runner.RemoteTestRunner.runTests(RemoteTestRunner.java:542)
	at org.eclipse.jdt.internal.junit.runner.RemoteTestRunner.runTests(RemoteTestRunner.java:770)
	at org.eclipse.jdt.internal.junit.runner.RemoteTestRunner.run(RemoteTestRunner.java:464)
	at org.eclipse.jdt.internal.junit.runner.RemoteTestRunner.main(RemoteTestRunner.java:210)
date:2020-01-21 22:58:04	thread:main	X-Track:	level:WARN 	logger:o.s.test.context.TestContextManager             	message:Caught exception while invoking 'beforeTestMethod' callback on TestExecutionListener [org.springframework.test.context.jdbc.SqlScriptsTestExecutionListener@31b0f02] for test method [public void com.example.bingo.domain.repository.bingoroom.BingoRoomRepositoryTest.findAllByCreateUserAccountUserId()] and test instance [com.example.bingo.domain.repository.bingoroom.BingoRoomRepositoryTest@19ae2ee5]
org.springframework.jdbc.datasource.init.ScriptStatementFailedException: Failed to execute SQL script statement #1 of class path resource [META-INF/sql/bingoroom/findAllByCreateUserAccountUserId.sql]: insert into userAccount(userId, userName, password) values(3, "demo", "{pbkdf2}1dd84f42a7a9a173f8f806d736d34939bed6a36e2948e8bfe88801ee5e6e61b815efc389d03165a4"); nested exception is java.sql.SQLIntegrityConstraintViolationException: Duplicate entry '3' for key 'PRIMARY'
	at org.springframework.jdbc.datasource.init.ScriptUtils.executeSqlScript(ScriptUtils.java:507)
	at org.springframework.jdbc.datasource.init.ResourceDatabasePopulator.populate(ResourceDatabasePopulator.java:240)
	at org.springframework.jdbc.datasource.init.DatabasePopulatorUtils.execute(DatabasePopulatorUtils.java:48)
	at org.springframework.jdbc.datasource.init.ResourceDatabasePopulator.execute(ResourceDatabasePopulator.java:255)
	at org.springframework.test.context.jdbc.SqlScriptsTestExecutionListener.lambda$executeSqlScripts$3(SqlScriptsTestExecutionListener.java:229)
	at org.springframework.transaction.support.TransactionTemplate.execute(TransactionTemplate.java:140)
	at org.springframework.test.context.jdbc.SqlScriptsTestExecutionListener.executeSqlScripts(SqlScriptsTestExecutionListener.java:228)
	at org.springframework.test.context.jdbc.SqlScriptsTestExecutionListener.executeSqlScripts(SqlScriptsTestExecutionListener.java:142)
	at org.springframework.test.context.jdbc.SqlScriptsTestExecutionListener.beforeTestMethod(SqlScriptsTestExecutionListener.java:112)
	at org.springframework.test.context.TestContextManager.beforeTestMethod(TestContextManager.java:291)
	at org.springframework.test.context.junit4.statements.RunBeforeTestMethodCallbacks.evaluate(RunBeforeTestMethodCallbacks.java:74)
	at org.springframework.test.context.junit4.statements.RunAfterTestMethodCallbacks.evaluate(RunAfterTestMethodCallbacks.java:86)
	at org.springframework.test.context.junit4.statements.SpringRepeat.evaluate(SpringRepeat.java:84)
	at org.junit.runners.ParentRunner.runLeaf(ParentRunner.java:325)
	at org.springframework.test.context.junit4.SpringJUnit4ClassRunner.runChild(SpringJUnit4ClassRunner.java:251)
	at org.springframework.test.context.junit4.SpringJUnit4ClassRunner.runChild(SpringJUnit4ClassRunner.java:97)
	at org.junit.runners.ParentRunner$3.run(ParentRunner.java:290)
	at org.junit.runners.ParentRunner$1.schedule(ParentRunner.java:71)
	at org.junit.runners.ParentRunner.runChildren(ParentRunner.java:288)
	at org.junit.runners.ParentRunner.access$000(ParentRunner.java:58)
	at org.junit.runners.ParentRunner$2.evaluate(ParentRunner.java:268)
	at org.springframework.test.context.junit4.statements.RunBeforeTestClassCallbacks.evaluate(RunBeforeTestClassCallbacks.java:61)
	at org.springframework.test.context.junit4.statements.RunAfterTestClassCallbacks.evaluate(RunAfterTestClassCallbacks.java:70)
	at org.junit.runners.ParentRunner.run(ParentRunner.java:363)
	at org.springframework.test.context.junit4.SpringJUnit4ClassRunner.run(SpringJUnit4ClassRunner.java:190)
	at org.eclipse.jdt.internal.junit4.runner.JUnit4TestReference.run(JUnit4TestReference.java:89)
	at org.eclipse.jdt.internal.junit.runner.TestExecution.run(TestExecution.java:41)
	at org.eclipse.jdt.internal.junit.runner.RemoteTestRunner.runTests(RemoteTestRunner.java:542)
	at org.eclipse.jdt.internal.junit.runner.RemoteTestRunner.runTests(RemoteTestRunner.java:770)
	at org.eclipse.jdt.internal.junit.runner.RemoteTestRunner.run(RemoteTestRunner.java:464)
	at org.eclipse.jdt.internal.junit.runner.RemoteTestRunner.main(RemoteTestRunner.java:210)
Caused by: java.sql.SQLIntegrityConstraintViolationException: Duplicate entry '3' for key 'PRIMARY'
	at com.mysql.cj.jdbc.exceptions.SQLError.createSQLException(SQLError.java:117)
	at com.mysql.cj.jdbc.exceptions.SQLError.createSQLException(SQLError.java:97)
	at com.mysql.cj.jdbc.exceptions.SQLExceptionsMapping.translateException(SQLExceptionsMapping.java:122)
	at com.mysql.cj.jdbc.StatementImpl.executeInternal(StatementImpl.java:782)
	at com.mysql.cj.jdbc.StatementImpl.execute(StatementImpl.java:666)
	at org.apache.commons.dbcp2.DelegatingStatement.execute(DelegatingStatement.java:175)
	at org.apache.commons.dbcp2.DelegatingStatement.execute(DelegatingStatement.java:175)
	at net.sf.log4jdbc.StatementSpy.execute(StatementSpy.java:839)
	at org.springframework.jdbc.datasource.init.ScriptUtils.executeSqlScript(ScriptUtils.java:486)
	... 30 common frames omitted
date:2020-01-21 22:58:04	thread:main	X-Track:	level:DEBUG	logger:o.h.engine.transaction.internal.TransactionImpl 	message:rolling back
date:2020-01-21 22:58:37	thread:main	X-Track:	level:DEBUG	logger:jdbc.sqltiming                                  	message: org.hibernate.tool.schema.internal.exec.GenerationTargetToDatabase.accept(GenerationTargetToDatabase.java:54)
8. alter table bingoResult add constraint FKg9u4xw02q1ai0up60ft7uiy7k foreign key (bingoRoomId) references bingoRoom (bingoRoomId) {executed in 46 msec}
date:2020-01-21 22:58:37	thread:main	X-Track:	level:DEBUG	logger:jdbc.sqltiming                                  	message: org.hibernate.tool.schema.internal.exec.GenerationTargetToDatabase.accept(GenerationTargetToDatabase.java:54)
8. alter table bingoRoom add constraint FK7vlt4te64wuctmwq8b8b3q9tc foreign key (createUserId) references userAccount (userId) {executed in 15 msec}
date:2020-01-21 22:58:37	thread:main	X-Track:	level:DEBUG	logger:o.h.e.t.j.platform.internal.JtaPlatformInitiator	message:No JtaPlatform was specified, checking resolver
date:2020-01-21 22:58:37	thread:main	X-Track:	level:DEBUG	logger:o.h.e.t.j.p.i.JtaPlatformResolverInitiator      	message:No JtaPlatformResolver was specified, using default [org.hibernate.engine.transaction.jta.platform.internal.StandardJtaPlatformResolver]
date:2020-01-21 22:58:37	thread:main	X-Track:	level:DEBUG	logger:o.h.e.t.j.p.internal.StandardJtaPlatformResolver	message:Could not resolve JtaPlatform, using default [org.hibernate.engine.transaction.jta.platform.internal.NoJtaPlatform]
date:2020-01-21 22:58:38	thread:main	X-Track:	level:DEBUG	logger:o.h.engine.transaction.internal.TransactionImpl 	message:On TransactionImpl creation, JpaCompliance#isJpaTransactionComplianceEnabled == false
date:2020-01-21 22:58:38	thread:main	X-Track:	level:DEBUG	logger:o.h.engine.transaction.internal.TransactionImpl 	message:On TransactionImpl creation, JpaCompliance#isJpaTransactionComplianceEnabled == false
date:2020-01-21 22:58:38	thread:main	X-Track:	level:DEBUG	logger:o.h.engine.transaction.internal.TransactionImpl 	message:On TransactionImpl creation, JpaCompliance#isJpaTransactionComplianceEnabled == false
date:2020-01-21 22:58:38	thread:main	X-Track:	level:DEBUG	logger:o.h.engine.transaction.internal.TransactionImpl 	message:On TransactionImpl creation, JpaCompliance#isJpaTransactionComplianceEnabled == false
date:2020-01-21 22:58:38	thread:main	X-Track:	level:DEBUG	logger:o.h.engine.transaction.internal.TransactionImpl 	message:begin
date:2020-01-21 22:58:38	thread:main	X-Track:	level:ERROR	logger:jdbc.audit                                      	message:9. Statement.execute(insert into userAccount(userId, userName, password) values(3, "demo", "{pbkdf2}1dd84f42a7a9a173f8f806d736d34939bed6a36e2948e8bfe88801ee5e6e61b815efc389d03165a4")) insert into userAccount(userId, userName, password) values(3, "demo", "{pbkdf2}1dd84f42a7a9a173f8f806d736d34939bed6a36e2948e8bfe88801ee5e6e61b815efc389d03165a4")
java.sql.SQLIntegrityConstraintViolationException: Duplicate entry '3' for key 'PRIMARY'
	at com.mysql.cj.jdbc.exceptions.SQLError.createSQLException(SQLError.java:117)
	at com.mysql.cj.jdbc.exceptions.SQLError.createSQLException(SQLError.java:97)
	at com.mysql.cj.jdbc.exceptions.SQLExceptionsMapping.translateException(SQLExceptionsMapping.java:122)
	at com.mysql.cj.jdbc.StatementImpl.executeInternal(StatementImpl.java:782)
	at com.mysql.cj.jdbc.StatementImpl.execute(StatementImpl.java:666)
	at org.apache.commons.dbcp2.DelegatingStatement.execute(DelegatingStatement.java:175)
	at org.apache.commons.dbcp2.DelegatingStatement.execute(DelegatingStatement.java:175)
	at net.sf.log4jdbc.StatementSpy.execute(StatementSpy.java:839)
	at org.springframework.jdbc.datasource.init.ScriptUtils.executeSqlScript(ScriptUtils.java:486)
	at org.springframework.jdbc.datasource.init.ResourceDatabasePopulator.populate(ResourceDatabasePopulator.java:240)
	at org.springframework.jdbc.datasource.init.DatabasePopulatorUtils.execute(DatabasePopulatorUtils.java:48)
	at org.springframework.jdbc.datasource.init.ResourceDatabasePopulator.execute(ResourceDatabasePopulator.java:255)
	at org.springframework.test.context.jdbc.SqlScriptsTestExecutionListener.lambda$executeSqlScripts$3(SqlScriptsTestExecutionListener.java:229)
	at org.springframework.transaction.support.TransactionTemplate.execute(TransactionTemplate.java:140)
	at org.springframework.test.context.jdbc.SqlScriptsTestExecutionListener.executeSqlScripts(SqlScriptsTestExecutionListener.java:228)
	at org.springframework.test.context.jdbc.SqlScriptsTestExecutionListener.executeSqlScripts(SqlScriptsTestExecutionListener.java:142)
	at org.springframework.test.context.jdbc.SqlScriptsTestExecutionListener.beforeTestMethod(SqlScriptsTestExecutionListener.java:112)
	at org.springframework.test.context.TestContextManager.beforeTestMethod(TestContextManager.java:291)
	at org.springframework.test.context.junit4.statements.RunBeforeTestMethodCallbacks.evaluate(RunBeforeTestMethodCallbacks.java:74)
	at org.springframework.test.context.junit4.statements.RunAfterTestMethodCallbacks.evaluate(RunAfterTestMethodCallbacks.java:86)
	at org.springframework.test.context.junit4.statements.SpringRepeat.evaluate(SpringRepeat.java:84)
	at org.junit.runners.ParentRunner.runLeaf(ParentRunner.java:325)
	at org.springframework.test.context.junit4.SpringJUnit4ClassRunner.runChild(SpringJUnit4ClassRunner.java:251)
	at org.springframework.test.context.junit4.SpringJUnit4ClassRunner.runChild(SpringJUnit4ClassRunner.java:97)
	at org.junit.runners.ParentRunner$3.run(ParentRunner.java:290)
	at org.junit.runners.ParentRunner$1.schedule(ParentRunner.java:71)
	at org.junit.runners.ParentRunner.runChildren(ParentRunner.java:288)
	at org.junit.runners.ParentRunner.access$000(ParentRunner.java:58)
	at org.junit.runners.ParentRunner$2.evaluate(ParentRunner.java:268)
	at org.springframework.test.context.junit4.statements.RunBeforeTestClassCallbacks.evaluate(RunBeforeTestClassCallbacks.java:61)
	at org.springframework.test.context.junit4.statements.RunAfterTestClassCallbacks.evaluate(RunAfterTestClassCallbacks.java:70)
	at org.junit.runners.ParentRunner.run(ParentRunner.java:363)
	at org.springframework.test.context.junit4.SpringJUnit4ClassRunner.run(SpringJUnit4ClassRunner.java:190)
	at org.eclipse.jdt.internal.junit4.runner.JUnit4TestReference.run(JUnit4TestReference.java:89)
	at org.eclipse.jdt.internal.junit.runner.TestExecution.run(TestExecution.java:41)
	at org.eclipse.jdt.internal.junit.runner.RemoteTestRunner.runTests(RemoteTestRunner.java:542)
	at org.eclipse.jdt.internal.junit.runner.RemoteTestRunner.runTests(RemoteTestRunner.java:770)
	at org.eclipse.jdt.internal.junit.runner.RemoteTestRunner.run(RemoteTestRunner.java:464)
	at org.eclipse.jdt.internal.junit.runner.RemoteTestRunner.main(RemoteTestRunner.java:210)
date:2020-01-21 22:58:38	thread:main	X-Track:	level:ERROR	logger:jdbc.sqlonly                                    	message:9. Statement.execute(insert into userAccount(userId, userName, password) values(3, "demo", "{pbkdf2}1dd84f42a7a9a173f8f806d736d34939bed6a36e2948e8bfe88801ee5e6e61b815efc389d03165a4")) insert into userAccount(userId, userName, password) values(3, "demo", "{pbkdf2}1dd84f42a7a9a173f8f806d736d34939bed6a36e2948e8bfe88801ee5e6e61b815efc389d03165a4")
java.sql.SQLIntegrityConstraintViolationException: Duplicate entry '3' for key 'PRIMARY'
	at com.mysql.cj.jdbc.exceptions.SQLError.createSQLException(SQLError.java:117)
	at com.mysql.cj.jdbc.exceptions.SQLError.createSQLException(SQLError.java:97)
	at com.mysql.cj.jdbc.exceptions.SQLExceptionsMapping.translateException(SQLExceptionsMapping.java:122)
	at com.mysql.cj.jdbc.StatementImpl.executeInternal(StatementImpl.java:782)
	at com.mysql.cj.jdbc.StatementImpl.execute(StatementImpl.java:666)
	at org.apache.commons.dbcp2.DelegatingStatement.execute(DelegatingStatement.java:175)
	at org.apache.commons.dbcp2.DelegatingStatement.execute(DelegatingStatement.java:175)
	at net.sf.log4jdbc.StatementSpy.execute(StatementSpy.java:839)
	at org.springframework.jdbc.datasource.init.ScriptUtils.executeSqlScript(ScriptUtils.java:486)
	at org.springframework.jdbc.datasource.init.ResourceDatabasePopulator.populate(ResourceDatabasePopulator.java:240)
	at org.springframework.jdbc.datasource.init.DatabasePopulatorUtils.execute(DatabasePopulatorUtils.java:48)
	at org.springframework.jdbc.datasource.init.ResourceDatabasePopulator.execute(ResourceDatabasePopulator.java:255)
	at org.springframework.test.context.jdbc.SqlScriptsTestExecutionListener.lambda$executeSqlScripts$3(SqlScriptsTestExecutionListener.java:229)
	at org.springframework.transaction.support.TransactionTemplate.execute(TransactionTemplate.java:140)
	at org.springframework.test.context.jdbc.SqlScriptsTestExecutionListener.executeSqlScripts(SqlScriptsTestExecutionListener.java:228)
	at org.springframework.test.context.jdbc.SqlScriptsTestExecutionListener.executeSqlScripts(SqlScriptsTestExecutionListener.java:142)
	at org.springframework.test.context.jdbc.SqlScriptsTestExecutionListener.beforeTestMethod(SqlScriptsTestExecutionListener.java:112)
	at org.springframework.test.context.TestContextManager.beforeTestMethod(TestContextManager.java:291)
	at org.springframework.test.context.junit4.statements.RunBeforeTestMethodCallbacks.evaluate(RunBeforeTestMethodCallbacks.java:74)
	at org.springframework.test.context.junit4.statements.RunAfterTestMethodCallbacks.evaluate(RunAfterTestMethodCallbacks.java:86)
	at org.springframework.test.context.junit4.statements.SpringRepeat.evaluate(SpringRepeat.java:84)
	at org.junit.runners.ParentRunner.runLeaf(ParentRunner.java:325)
	at org.springframework.test.context.junit4.SpringJUnit4ClassRunner.runChild(SpringJUnit4ClassRunner.java:251)
	at org.springframework.test.context.junit4.SpringJUnit4ClassRunner.runChild(SpringJUnit4ClassRunner.java:97)
	at org.junit.runners.ParentRunner$3.run(ParentRunner.java:290)
	at org.junit.runners.ParentRunner$1.schedule(ParentRunner.java:71)
	at org.junit.runners.ParentRunner.runChildren(ParentRunner.java:288)
	at org.junit.runners.ParentRunner.access$000(ParentRunner.java:58)
	at org.junit.runners.ParentRunner$2.evaluate(ParentRunner.java:268)
	at org.springframework.test.context.junit4.statements.RunBeforeTestClassCallbacks.evaluate(RunBeforeTestClassCallbacks.java:61)
	at org.springframework.test.context.junit4.statements.RunAfterTestClassCallbacks.evaluate(RunAfterTestClassCallbacks.java:70)
	at org.junit.runners.ParentRunner.run(ParentRunner.java:363)
	at org.springframework.test.context.junit4.SpringJUnit4ClassRunner.run(SpringJUnit4ClassRunner.java:190)
	at org.eclipse.jdt.internal.junit4.runner.JUnit4TestReference.run(JUnit4TestReference.java:89)
	at org.eclipse.jdt.internal.junit.runner.TestExecution.run(TestExecution.java:41)
	at org.eclipse.jdt.internal.junit.runner.RemoteTestRunner.runTests(RemoteTestRunner.java:542)
	at org.eclipse.jdt.internal.junit.runner.RemoteTestRunner.runTests(RemoteTestRunner.java:770)
	at org.eclipse.jdt.internal.junit.runner.RemoteTestRunner.run(RemoteTestRunner.java:464)
	at org.eclipse.jdt.internal.junit.runner.RemoteTestRunner.main(RemoteTestRunner.java:210)
date:2020-01-21 22:58:38	thread:main	X-Track:	level:ERROR	logger:jdbc.sqltiming                                  	message: org.springframework.jdbc.datasource.init.ScriptUtils.executeSqlScript(ScriptUtils.java:486)
9. insert into userAccount(userId, userName, password) values(3, "demo", "{pbkdf2}1dd84f42a7a9a173f8f806d736d34939bed6a36e2948e8bfe88801ee5e6e61b815efc389d03165a4") {FAILED after 23 msec}
java.sql.SQLIntegrityConstraintViolationException: Duplicate entry '3' for key 'PRIMARY'
	at com.mysql.cj.jdbc.exceptions.SQLError.createSQLException(SQLError.java:117)
	at com.mysql.cj.jdbc.exceptions.SQLError.createSQLException(SQLError.java:97)
	at com.mysql.cj.jdbc.exceptions.SQLExceptionsMapping.translateException(SQLExceptionsMapping.java:122)
	at com.mysql.cj.jdbc.StatementImpl.executeInternal(StatementImpl.java:782)
	at com.mysql.cj.jdbc.StatementImpl.execute(StatementImpl.java:666)
	at org.apache.commons.dbcp2.DelegatingStatement.execute(DelegatingStatement.java:175)
	at org.apache.commons.dbcp2.DelegatingStatement.execute(DelegatingStatement.java:175)
	at net.sf.log4jdbc.StatementSpy.execute(StatementSpy.java:839)
	at org.springframework.jdbc.datasource.init.ScriptUtils.executeSqlScript(ScriptUtils.java:486)
	at org.springframework.jdbc.datasource.init.ResourceDatabasePopulator.populate(ResourceDatabasePopulator.java:240)
	at org.springframework.jdbc.datasource.init.DatabasePopulatorUtils.execute(DatabasePopulatorUtils.java:48)
	at org.springframework.jdbc.datasource.init.ResourceDatabasePopulator.execute(ResourceDatabasePopulator.java:255)
	at org.springframework.test.context.jdbc.SqlScriptsTestExecutionListener.lambda$executeSqlScripts$3(SqlScriptsTestExecutionListener.java:229)
	at org.springframework.transaction.support.TransactionTemplate.execute(TransactionTemplate.java:140)
	at org.springframework.test.context.jdbc.SqlScriptsTestExecutionListener.executeSqlScripts(SqlScriptsTestExecutionListener.java:228)
	at org.springframework.test.context.jdbc.SqlScriptsTestExecutionListener.executeSqlScripts(SqlScriptsTestExecutionListener.java:142)
	at org.springframework.test.context.jdbc.SqlScriptsTestExecutionListener.beforeTestMethod(SqlScriptsTestExecutionListener.java:112)
	at org.springframework.test.context.TestContextManager.beforeTestMethod(TestContextManager.java:291)
	at org.springframework.test.context.junit4.statements.RunBeforeTestMethodCallbacks.evaluate(RunBeforeTestMethodCallbacks.java:74)
	at org.springframework.test.context.junit4.statements.RunAfterTestMethodCallbacks.evaluate(RunAfterTestMethodCallbacks.java:86)
	at org.springframework.test.context.junit4.statements.SpringRepeat.evaluate(SpringRepeat.java:84)
	at org.junit.runners.ParentRunner.runLeaf(ParentRunner.java:325)
	at org.springframework.test.context.junit4.SpringJUnit4ClassRunner.runChild(SpringJUnit4ClassRunner.java:251)
	at org.springframework.test.context.junit4.SpringJUnit4ClassRunner.runChild(SpringJUnit4ClassRunner.java:97)
	at org.junit.runners.ParentRunner$3.run(ParentRunner.java:290)
	at org.junit.runners.ParentRunner$1.schedule(ParentRunner.java:71)
	at org.junit.runners.ParentRunner.runChildren(ParentRunner.java:288)
	at org.junit.runners.ParentRunner.access$000(ParentRunner.java:58)
	at org.junit.runners.ParentRunner$2.evaluate(ParentRunner.java:268)
	at org.springframework.test.context.junit4.statements.RunBeforeTestClassCallbacks.evaluate(RunBeforeTestClassCallbacks.java:61)
	at org.springframework.test.context.junit4.statements.RunAfterTestClassCallbacks.evaluate(RunAfterTestClassCallbacks.java:70)
	at org.junit.runners.ParentRunner.run(ParentRunner.java:363)
	at org.springframework.test.context.junit4.SpringJUnit4ClassRunner.run(SpringJUnit4ClassRunner.java:190)
	at org.eclipse.jdt.internal.junit4.runner.JUnit4TestReference.run(JUnit4TestReference.java:89)
	at org.eclipse.jdt.internal.junit.runner.TestExecution.run(TestExecution.java:41)
	at org.eclipse.jdt.internal.junit.runner.RemoteTestRunner.runTests(RemoteTestRunner.java:542)
	at org.eclipse.jdt.internal.junit.runner.RemoteTestRunner.runTests(RemoteTestRunner.java:770)
	at org.eclipse.jdt.internal.junit.runner.RemoteTestRunner.run(RemoteTestRunner.java:464)
	at org.eclipse.jdt.internal.junit.runner.RemoteTestRunner.main(RemoteTestRunner.java:210)
date:2020-01-21 22:58:38	thread:main	X-Track:	level:WARN 	logger:o.s.test.context.TestContextManager             	message:Caught exception while invoking 'beforeTestMethod' callback on TestExecutionListener [org.springframework.test.context.jdbc.SqlScriptsTestExecutionListener@31b0f02] for test method [public void com.example.bingo.domain.repository.bingoroom.BingoRoomRepositoryTest.findAllByCreateUserAccountUserId()] and test instance [com.example.bingo.domain.repository.bingoroom.BingoRoomRepositoryTest@19ae2ee5]
org.springframework.jdbc.datasource.init.ScriptStatementFailedException: Failed to execute SQL script statement #1 of class path resource [META-INF/sql/bingoroom/findAllByCreateUserAccountUserId.sql]: insert into userAccount(userId, userName, password) values(3, "demo", "{pbkdf2}1dd84f42a7a9a173f8f806d736d34939bed6a36e2948e8bfe88801ee5e6e61b815efc389d03165a4"); nested exception is java.sql.SQLIntegrityConstraintViolationException: Duplicate entry '3' for key 'PRIMARY'
	at org.springframework.jdbc.datasource.init.ScriptUtils.executeSqlScript(ScriptUtils.java:507)
	at org.springframework.jdbc.datasource.init.ResourceDatabasePopulator.populate(ResourceDatabasePopulator.java:240)
	at org.springframework.jdbc.datasource.init.DatabasePopulatorUtils.execute(DatabasePopulatorUtils.java:48)
	at org.springframework.jdbc.datasource.init.ResourceDatabasePopulator.execute(ResourceDatabasePopulator.java:255)
	at org.springframework.test.context.jdbc.SqlScriptsTestExecutionListener.lambda$executeSqlScripts$3(SqlScriptsTestExecutionListener.java:229)
	at org.springframework.transaction.support.TransactionTemplate.execute(TransactionTemplate.java:140)
	at org.springframework.test.context.jdbc.SqlScriptsTestExecutionListener.executeSqlScripts(SqlScriptsTestExecutionListener.java:228)
	at org.springframework.test.context.jdbc.SqlScriptsTestExecutionListener.executeSqlScripts(SqlScriptsTestExecutionListener.java:142)
	at org.springframework.test.context.jdbc.SqlScriptsTestExecutionListener.beforeTestMethod(SqlScriptsTestExecutionListener.java:112)
	at org.springframework.test.context.TestContextManager.beforeTestMethod(TestContextManager.java:291)
	at org.springframework.test.context.junit4.statements.RunBeforeTestMethodCallbacks.evaluate(RunBeforeTestMethodCallbacks.java:74)
	at org.springframework.test.context.junit4.statements.RunAfterTestMethodCallbacks.evaluate(RunAfterTestMethodCallbacks.java:86)
	at org.springframework.test.context.junit4.statements.SpringRepeat.evaluate(SpringRepeat.java:84)
	at org.junit.runners.ParentRunner.runLeaf(ParentRunner.java:325)
	at org.springframework.test.context.junit4.SpringJUnit4ClassRunner.runChild(SpringJUnit4ClassRunner.java:251)
	at org.springframework.test.context.junit4.SpringJUnit4ClassRunner.runChild(SpringJUnit4ClassRunner.java:97)
	at org.junit.runners.ParentRunner$3.run(ParentRunner.java:290)
	at org.junit.runners.ParentRunner$1.schedule(ParentRunner.java:71)
	at org.junit.runners.ParentRunner.runChildren(ParentRunner.java:288)
	at org.junit.runners.ParentRunner.access$000(ParentRunner.java:58)
	at org.junit.runners.ParentRunner$2.evaluate(ParentRunner.java:268)
	at org.springframework.test.context.junit4.statements.RunBeforeTestClassCallbacks.evaluate(RunBeforeTestClassCallbacks.java:61)
	at org.springframework.test.context.junit4.statements.RunAfterTestClassCallbacks.evaluate(RunAfterTestClassCallbacks.java:70)
	at org.junit.runners.ParentRunner.run(ParentRunner.java:363)
	at org.springframework.test.context.junit4.SpringJUnit4ClassRunner.run(SpringJUnit4ClassRunner.java:190)
	at org.eclipse.jdt.internal.junit4.runner.JUnit4TestReference.run(JUnit4TestReference.java:89)
	at org.eclipse.jdt.internal.junit.runner.TestExecution.run(TestExecution.java:41)
	at org.eclipse.jdt.internal.junit.runner.RemoteTestRunner.runTests(RemoteTestRunner.java:542)
	at org.eclipse.jdt.internal.junit.runner.RemoteTestRunner.runTests(RemoteTestRunner.java:770)
	at org.eclipse.jdt.internal.junit.runner.RemoteTestRunner.run(RemoteTestRunner.java:464)
	at org.eclipse.jdt.internal.junit.runner.RemoteTestRunner.main(RemoteTestRunner.java:210)
Caused by: java.sql.SQLIntegrityConstraintViolationException: Duplicate entry '3' for key 'PRIMARY'
	at com.mysql.cj.jdbc.exceptions.SQLError.createSQLException(SQLError.java:117)
	at com.mysql.cj.jdbc.exceptions.SQLError.createSQLException(SQLError.java:97)
	at com.mysql.cj.jdbc.exceptions.SQLExceptionsMapping.translateException(SQLExceptionsMapping.java:122)
	at com.mysql.cj.jdbc.StatementImpl.executeInternal(StatementImpl.java:782)
	at com.mysql.cj.jdbc.StatementImpl.execute(StatementImpl.java:666)
	at org.apache.commons.dbcp2.DelegatingStatement.execute(DelegatingStatement.java:175)
	at org.apache.commons.dbcp2.DelegatingStatement.execute(DelegatingStatement.java:175)
	at net.sf.log4jdbc.StatementSpy.execute(StatementSpy.java:839)
	at org.springframework.jdbc.datasource.init.ScriptUtils.executeSqlScript(ScriptUtils.java:486)
	... 30 common frames omitted
date:2020-01-21 22:58:38	thread:main	X-Track:	level:DEBUG	logger:o.h.engine.transaction.internal.TransactionImpl 	message:rolling back
date:2020-01-21 22:59:23	thread:main	X-Track:	level:DEBUG	logger:jdbc.sqltiming                                  	message: org.hibernate.tool.schema.internal.exec.GenerationTargetToDatabase.accept(GenerationTargetToDatabase.java:54)
8. alter table bingoResult add constraint FKg9u4xw02q1ai0up60ft7uiy7k foreign key (bingoRoomId) references bingoRoom (bingoRoomId) {executed in 24 msec}
date:2020-01-21 22:59:23	thread:main	X-Track:	level:DEBUG	logger:jdbc.sqltiming                                  	message: org.hibernate.tool.schema.internal.exec.GenerationTargetToDatabase.accept(GenerationTargetToDatabase.java:54)
8. alter table bingoRoom add constraint FK7vlt4te64wuctmwq8b8b3q9tc foreign key (createUserId) references userAccount (userId) {executed in 19 msec}
date:2020-01-21 22:59:23	thread:main	X-Track:	level:DEBUG	logger:o.h.e.t.j.platform.internal.JtaPlatformInitiator	message:No JtaPlatform was specified, checking resolver
date:2020-01-21 22:59:23	thread:main	X-Track:	level:DEBUG	logger:o.h.e.t.j.p.i.JtaPlatformResolverInitiator      	message:No JtaPlatformResolver was specified, using default [org.hibernate.engine.transaction.jta.platform.internal.StandardJtaPlatformResolver]
date:2020-01-21 22:59:23	thread:main	X-Track:	level:DEBUG	logger:o.h.e.t.j.p.internal.StandardJtaPlatformResolver	message:Could not resolve JtaPlatform, using default [org.hibernate.engine.transaction.jta.platform.internal.NoJtaPlatform]
date:2020-01-21 22:59:23	thread:main	X-Track:	level:DEBUG	logger:o.h.engine.transaction.internal.TransactionImpl 	message:On TransactionImpl creation, JpaCompliance#isJpaTransactionComplianceEnabled == false
date:2020-01-21 22:59:23	thread:main	X-Track:	level:DEBUG	logger:o.h.engine.transaction.internal.TransactionImpl 	message:On TransactionImpl creation, JpaCompliance#isJpaTransactionComplianceEnabled == false
date:2020-01-21 22:59:23	thread:main	X-Track:	level:DEBUG	logger:o.h.engine.transaction.internal.TransactionImpl 	message:On TransactionImpl creation, JpaCompliance#isJpaTransactionComplianceEnabled == false
date:2020-01-21 22:59:24	thread:main	X-Track:	level:DEBUG	logger:o.h.engine.transaction.internal.TransactionImpl 	message:On TransactionImpl creation, JpaCompliance#isJpaTransactionComplianceEnabled == false
date:2020-01-21 22:59:24	thread:main	X-Track:	level:DEBUG	logger:o.h.engine.transaction.internal.TransactionImpl 	message:begin
date:2020-01-21 22:59:24	thread:main	X-Track:	level:DEBUG	logger:jdbc.sqltiming                                  	message: org.springframework.jdbc.datasource.init.ScriptUtils.executeSqlScript(ScriptUtils.java:486)
9. insert into userAccount(userId, userName, password) values(3, "demo", "{pbkdf2}1dd84f42a7a9a173f8f806d736d34939bed6a36e2948e8bfe88801ee5e6e61b815efc389d03165a4") {executed in 4 msec}
date:2020-01-21 22:59:24	thread:main	X-Track:	level:DEBUG	logger:jdbc.sqltiming                                  	message: org.springframework.jdbc.datasource.init.ScriptUtils.executeSqlScript(ScriptUtils.java:486)
9. insert into userAccount(userId, userName, password) values(4, "demo", "{pbkdf2}1dd84f42a7a9a173f8f806d736d34939bed6a36e2948e8bfe88801ee5e6e61b815efc389d03165a4") {executed in 2 msec}
date:2020-01-21 22:59:24	thread:main	X-Track:	level:DEBUG	logger:jdbc.sqltiming                                  	message: org.springframework.jdbc.datasource.init.ScriptUtils.executeSqlScript(ScriptUtils.java:486)
9. insert into bingoRoom(bingoRoomId, roomName, started, finished, createUserId) value(10, "test1", false, false, 3) {executed in 2 msec}
date:2020-01-21 22:59:24	thread:main	X-Track:	level:DEBUG	logger:jdbc.sqltiming                                  	message: org.springframework.jdbc.datasource.init.ScriptUtils.executeSqlScript(ScriptUtils.java:486)
9. insert into bingoRoom(bingoRoomId, roomName, started, finished, createUserId) value(11, "test2", true, false, 3) {executed in 1 msec}
date:2020-01-21 22:59:24	thread:main	X-Track:	level:DEBUG	logger:jdbc.sqltiming                                  	message: org.springframework.jdbc.datasource.init.ScriptUtils.executeSqlScript(ScriptUtils.java:486)
9. insert into bingoRoom(bingoRoomId, roomName, started, finished, createUserId) value(12, "test3", false, true, 3) {executed in 2 msec}
date:2020-01-21 22:59:24	thread:main	X-Track:	level:DEBUG	logger:jdbc.sqltiming                                  	message: org.springframework.jdbc.datasource.init.ScriptUtils.executeSqlScript(ScriptUtils.java:486)
9. insert into bingoRoom(bingoRoomId, roomName, started, finished, createUserId) value(13, "test3", false, true, 4) {executed in 1 msec}
date:2020-01-21 22:59:24	thread:main	X-Track:	level:DEBUG	logger:jdbc.sqltiming                                  	message: org.hibernate.engine.jdbc.internal.ResultSetReturnImpl.extract(ResultSetReturnImpl.java:60)
9. /* select generatedAlias0 from BingoRoom as generatedAlias0 left join generatedAlias0.createUserAccount as generatedAlias1 where generatedAlias1.userId=:param0 */ select bingoroom0_.bingoRoomId as bingoRoo1_1_, bingoroom0_.createUserId as createUs7_1_, bingoroom0_.createdAt as createdA2_1_, bingoroom0_.finished as finished3_1_, bingoroom0_.roomName as roomName4_1_, bingoroom0_.started as started5_1_, bingoroom0_.updatedAt as updatedA6_1_ from bingoRoom bingoroom0_ left outer join userAccount useraccoun1_ on bingoroom0_.createUserId=useraccoun1_.userId where useraccoun1_.userId=3 {executed in 2 msec}
date:2020-01-21 22:59:24	thread:main	X-Track:	level:INFO 	logger:jdbc.resultsettable                             	message:|------------|-------------|----------|---------|---------|--------|----------|
date:2020-01-21 22:59:24	thread:main	X-Track:	level:INFO 	logger:jdbc.resultsettable                             	message:|bingoRoomId |createUserId |createdAt |finished |roomName |started |updatedAt |
date:2020-01-21 22:59:24	thread:main	X-Track:	level:INFO 	logger:jdbc.resultsettable                             	message:|------------|-------------|----------|---------|---------|--------|----------|
date:2020-01-21 22:59:24	thread:main	X-Track:	level:INFO 	logger:jdbc.resultsettable                             	message:|10          |3            |null      |false    |test1    |false   |null      |
date:2020-01-21 22:59:24	thread:main	X-Track:	level:INFO 	logger:jdbc.resultsettable                             	message:|11          |3            |null      |false    |test2    |true    |null      |
date:2020-01-21 22:59:24	thread:main	X-Track:	level:INFO 	logger:jdbc.resultsettable                             	message:|12          |3            |null      |true     |test3    |false   |null      |
date:2020-01-21 22:59:24	thread:main	X-Track:	level:INFO 	logger:jdbc.resultsettable                             	message:|------------|-------------|----------|---------|---------|--------|----------|
date:2020-01-21 22:59:24	thread:main	X-Track:	level:DEBUG	logger:jdbc.sqltiming                                  	message: org.hibernate.engine.jdbc.internal.ResultSetReturnImpl.extract(ResultSetReturnImpl.java:60)
9. select useraccoun0_.userId as userId1_2_0_, useraccoun0_.password as password2_2_0_, useraccoun0_.userName as userName3_2_0_ from userAccount useraccoun0_ where useraccoun0_.userId=3 {executed in 1 msec}
date:2020-01-21 22:59:24	thread:main	X-Track:	level:INFO 	logger:jdbc.resultsettable                             	message:|-------|-----------------------------------------------------------------------------------------|---------|
date:2020-01-21 22:59:24	thread:main	X-Track:	level:INFO 	logger:jdbc.resultsettable                             	message:|userId |password                                                                                 |userName |
date:2020-01-21 22:59:24	thread:main	X-Track:	level:INFO 	logger:jdbc.resultsettable                             	message:|-------|-----------------------------------------------------------------------------------------|---------|
date:2020-01-21 22:59:24	thread:main	X-Track:	level:INFO 	logger:jdbc.resultsettable                             	message:|3      |{pbkdf2}1dd84f42a7a9a173f8f806d736d34939bed6a36e2948e8bfe88801ee5e6e61b815efc389d03165a4 |demo     |
date:2020-01-21 22:59:24	thread:main	X-Track:	level:INFO 	logger:jdbc.resultsettable                             	message:|-------|-----------------------------------------------------------------------------------------|---------|
date:2020-01-21 22:59:24	thread:main	X-Track:	level:DEBUG	logger:o.h.engine.transaction.internal.TransactionImpl 	message:rolling back
date:2020-01-21 23:02:38	thread:main	X-Track:	level:DEBUG	logger:jdbc.sqltiming                                  	message: org.hibernate.tool.schema.internal.exec.GenerationTargetToDatabase.accept(GenerationTargetToDatabase.java:54)
8. alter table bingoResult add constraint FKg9u4xw02q1ai0up60ft7uiy7k foreign key (bingoRoomId) references bingoRoom (bingoRoomId) {executed in 120 msec}
date:2020-01-21 23:02:38	thread:main	X-Track:	level:DEBUG	logger:jdbc.sqltiming                                  	message: org.hibernate.tool.schema.internal.exec.GenerationTargetToDatabase.accept(GenerationTargetToDatabase.java:54)
8. alter table bingoRoom add constraint FK7vlt4te64wuctmwq8b8b3q9tc foreign key (createUserId) references userAccount (userId) {executed in 51 msec}
date:2020-01-21 23:02:38	thread:main	X-Track:	level:DEBUG	logger:o.h.e.t.j.platform.internal.JtaPlatformInitiator	message:No JtaPlatform was specified, checking resolver
date:2020-01-21 23:02:38	thread:main	X-Track:	level:DEBUG	logger:o.h.e.t.j.p.i.JtaPlatformResolverInitiator      	message:No JtaPlatformResolver was specified, using default [org.hibernate.engine.transaction.jta.platform.internal.StandardJtaPlatformResolver]
date:2020-01-21 23:02:38	thread:main	X-Track:	level:DEBUG	logger:o.h.e.t.j.p.internal.StandardJtaPlatformResolver	message:Could not resolve JtaPlatform, using default [org.hibernate.engine.transaction.jta.platform.internal.NoJtaPlatform]
date:2020-01-21 23:02:40	thread:main	X-Track:	level:DEBUG	logger:o.h.engine.transaction.internal.TransactionImpl 	message:On TransactionImpl creation, JpaCompliance#isJpaTransactionComplianceEnabled == false
date:2020-01-21 23:02:40	thread:main	X-Track:	level:DEBUG	logger:o.h.engine.transaction.internal.TransactionImpl 	message:On TransactionImpl creation, JpaCompliance#isJpaTransactionComplianceEnabled == false
date:2020-01-21 23:02:40	thread:main	X-Track:	level:DEBUG	logger:o.h.engine.transaction.internal.TransactionImpl 	message:On TransactionImpl creation, JpaCompliance#isJpaTransactionComplianceEnabled == false
date:2020-01-21 23:02:41	thread:main	X-Track:	level:DEBUG	logger:o.h.engine.transaction.internal.TransactionImpl 	message:On TransactionImpl creation, JpaCompliance#isJpaTransactionComplianceEnabled == false
date:2020-01-21 23:02:41	thread:main	X-Track:	level:DEBUG	logger:o.h.engine.transaction.internal.TransactionImpl 	message:begin
date:2020-01-21 23:02:41	thread:main	X-Track:	level:DEBUG	logger:jdbc.sqltiming                                  	message: org.springframework.jdbc.datasource.init.ScriptUtils.executeSqlScript(ScriptUtils.java:486)
9. insert into userAccount(userId, userName, password) values(3, "demo", "{pbkdf2}1dd84f42a7a9a173f8f806d736d34939bed6a36e2948e8bfe88801ee5e6e61b815efc389d03165a4") {executed in 11 msec}
date:2020-01-21 23:02:41	thread:main	X-Track:	level:DEBUG	logger:jdbc.sqltiming                                  	message: org.springframework.jdbc.datasource.init.ScriptUtils.executeSqlScript(ScriptUtils.java:486)
9. insert into userAccount(userId, userName, password) values(4, "demo", "{pbkdf2}1dd84f42a7a9a173f8f806d736d34939bed6a36e2948e8bfe88801ee5e6e61b815efc389d03165a4") {executed in 3 msec}
date:2020-01-21 23:02:41	thread:main	X-Track:	level:DEBUG	logger:jdbc.sqltiming                                  	message: org.springframework.jdbc.datasource.init.ScriptUtils.executeSqlScript(ScriptUtils.java:486)
9. insert into bingoRoom(bingoRoomId, roomName, started, finished, createUserId) value(10, "test1", false, false, 3) {executed in 4 msec}
date:2020-01-21 23:02:41	thread:main	X-Track:	level:DEBUG	logger:jdbc.sqltiming                                  	message: org.springframework.jdbc.datasource.init.ScriptUtils.executeSqlScript(ScriptUtils.java:486)
9. insert into bingoRoom(bingoRoomId, roomName, started, finished, createUserId) value(11, "test2", true, false, 3) {executed in 4 msec}
date:2020-01-21 23:02:41	thread:main	X-Track:	level:DEBUG	logger:jdbc.sqltiming                                  	message: org.springframework.jdbc.datasource.init.ScriptUtils.executeSqlScript(ScriptUtils.java:486)
9. insert into bingoRoom(bingoRoomId, roomName, started, finished, createUserId) value(12, "test3", false, true, 3) {executed in 3 msec}
date:2020-01-21 23:02:41	thread:main	X-Track:	level:DEBUG	logger:jdbc.sqltiming                                  	message: org.springframework.jdbc.datasource.init.ScriptUtils.executeSqlScript(ScriptUtils.java:486)
9. insert into bingoRoom(bingoRoomId, roomName, started, finished, createUserId) value(13, "test3", false, true, 4) {executed in 3 msec}
date:2020-01-21 23:02:41	thread:main	X-Track:	level:DEBUG	logger:jdbc.sqltiming                                  	message: org.hibernate.engine.jdbc.internal.ResultSetReturnImpl.extract(ResultSetReturnImpl.java:60)
9. /* select generatedAlias0 from BingoRoom as generatedAlias0 left join generatedAlias0.createUserAccount as generatedAlias1 where generatedAlias1.userId=:param0 */ select bingoroom0_.bingoRoomId as bingoRoo1_1_, bingoroom0_.createUserId as createUs7_1_, bingoroom0_.createdAt as createdA2_1_, bingoroom0_.finished as finished3_1_, bingoroom0_.roomName as roomName4_1_, bingoroom0_.started as started5_1_, bingoroom0_.updatedAt as updatedA6_1_ from bingoRoom bingoroom0_ left outer join userAccount useraccoun1_ on bingoroom0_.createUserId=useraccoun1_.userId where useraccoun1_.userId=3 {executed in 5 msec}
date:2020-01-21 23:02:41	thread:main	X-Track:	level:INFO 	logger:jdbc.resultsettable                             	message:|------------|-------------|----------|---------|---------|--------|----------|
date:2020-01-21 23:02:41	thread:main	X-Track:	level:INFO 	logger:jdbc.resultsettable                             	message:|bingoRoomId |createUserId |createdAt |finished |roomName |started |updatedAt |
date:2020-01-21 23:02:41	thread:main	X-Track:	level:INFO 	logger:jdbc.resultsettable                             	message:|------------|-------------|----------|---------|---------|--------|----------|
date:2020-01-21 23:02:41	thread:main	X-Track:	level:INFO 	logger:jdbc.resultsettable                             	message:|10          |3            |null      |false    |test1    |false   |null      |
date:2020-01-21 23:02:41	thread:main	X-Track:	level:INFO 	logger:jdbc.resultsettable                             	message:|11          |3            |null      |false    |test2    |true    |null      |
date:2020-01-21 23:02:41	thread:main	X-Track:	level:INFO 	logger:jdbc.resultsettable                             	message:|12          |3            |null      |true     |test3    |false   |null      |
date:2020-01-21 23:02:41	thread:main	X-Track:	level:INFO 	logger:jdbc.resultsettable                             	message:|------------|-------------|----------|---------|---------|--------|----------|
date:2020-01-21 23:02:41	thread:main	X-Track:	level:DEBUG	logger:jdbc.sqltiming                                  	message: org.hibernate.engine.jdbc.internal.ResultSetReturnImpl.extract(ResultSetReturnImpl.java:60)
9. select useraccoun0_.userId as userId1_2_0_, useraccoun0_.password as password2_2_0_, useraccoun0_.userName as userName3_2_0_ from userAccount useraccoun0_ where useraccoun0_.userId=3 {executed in 4 msec}
date:2020-01-21 23:02:41	thread:main	X-Track:	level:INFO 	logger:jdbc.resultsettable                             	message:|-------|-----------------------------------------------------------------------------------------|---------|
date:2020-01-21 23:02:41	thread:main	X-Track:	level:INFO 	logger:jdbc.resultsettable                             	message:|userId |password                                                                                 |userName |
date:2020-01-21 23:02:41	thread:main	X-Track:	level:INFO 	logger:jdbc.resultsettable                             	message:|-------|-----------------------------------------------------------------------------------------|---------|
date:2020-01-21 23:02:41	thread:main	X-Track:	level:INFO 	logger:jdbc.resultsettable                             	message:|3      |{pbkdf2}1dd84f42a7a9a173f8f806d736d34939bed6a36e2948e8bfe88801ee5e6e61b815efc389d03165a4 |demo     |
date:2020-01-21 23:02:41	thread:main	X-Track:	level:INFO 	logger:jdbc.resultsettable                             	message:|-------|-----------------------------------------------------------------------------------------|---------|
date:2020-01-21 23:02:41	thread:main	X-Track:	level:DEBUG	logger:o.h.engine.transaction.internal.TransactionImpl 	message:rolling back
date:2020-01-21 23:45:57	thread:main	X-Track:	level:DEBUG	logger:jdbc.sqltiming                                  	message: org.hibernate.tool.schema.internal.exec.GenerationTargetToDatabase.accept(GenerationTargetToDatabase.java:54)
8. alter table bingoResult add constraint FKg9u4xw02q1ai0up60ft7uiy7k foreign key (bingoRoomId) references bingoRoom (bingoRoomId) {executed in 29 msec}
date:2020-01-21 23:45:57	thread:main	X-Track:	level:DEBUG	logger:jdbc.sqltiming                                  	message: org.hibernate.tool.schema.internal.exec.GenerationTargetToDatabase.accept(GenerationTargetToDatabase.java:54)
8. alter table bingoRoom add constraint FK7vlt4te64wuctmwq8b8b3q9tc foreign key (createUserId) references userAccount (userId) {executed in 15 msec}
date:2020-01-21 23:45:57	thread:main	X-Track:	level:DEBUG	logger:o.h.e.t.j.platform.internal.JtaPlatformInitiator	message:No JtaPlatform was specified, checking resolver
date:2020-01-21 23:45:57	thread:main	X-Track:	level:DEBUG	logger:o.h.e.t.j.p.i.JtaPlatformResolverInitiator      	message:No JtaPlatformResolver was specified, using default [org.hibernate.engine.transaction.jta.platform.internal.StandardJtaPlatformResolver]
date:2020-01-21 23:45:57	thread:main	X-Track:	level:DEBUG	logger:o.h.e.t.j.p.internal.StandardJtaPlatformResolver	message:Could not resolve JtaPlatform, using default [org.hibernate.engine.transaction.jta.platform.internal.NoJtaPlatform]
date:2020-01-21 23:45:58	thread:main	X-Track:	level:DEBUG	logger:o.h.engine.transaction.internal.TransactionImpl 	message:On TransactionImpl creation, JpaCompliance#isJpaTransactionComplianceEnabled == false
date:2020-01-21 23:45:58	thread:main	X-Track:	level:DEBUG	logger:o.h.engine.transaction.internal.TransactionImpl 	message:On TransactionImpl creation, JpaCompliance#isJpaTransactionComplianceEnabled == false
date:2020-01-21 23:45:58	thread:main	X-Track:	level:DEBUG	logger:o.h.engine.transaction.internal.TransactionImpl 	message:On TransactionImpl creation, JpaCompliance#isJpaTransactionComplianceEnabled == false
date:2020-01-21 23:45:58	thread:main	X-Track:	level:DEBUG	logger:o.h.engine.transaction.internal.TransactionImpl 	message:On TransactionImpl creation, JpaCompliance#isJpaTransactionComplianceEnabled == false
date:2020-01-21 23:45:58	thread:main	X-Track:	level:DEBUG	logger:o.h.engine.transaction.internal.TransactionImpl 	message:begin
date:2020-01-21 23:45:58	thread:main	X-Track:	level:DEBUG	logger:jdbc.sqltiming                                  	message: org.springframework.jdbc.datasource.init.ScriptUtils.executeSqlScript(ScriptUtils.java:486)
9. insert into userAccount(userId, userName, password) values(3, "demo", "{pbkdf2}1dd84f42a7a9a173f8f806d736d34939bed6a36e2948e8bfe88801ee5e6e61b815efc389d03165a4") {executed in 4 msec}
date:2020-01-21 23:45:58	thread:main	X-Track:	level:DEBUG	logger:jdbc.sqltiming                                  	message: org.springframework.jdbc.datasource.init.ScriptUtils.executeSqlScript(ScriptUtils.java:486)
9. insert into userAccount(userId, userName, password) values(4, "demo", "{pbkdf2}1dd84f42a7a9a173f8f806d736d34939bed6a36e2948e8bfe88801ee5e6e61b815efc389d03165a4") {executed in 1 msec}
date:2020-01-21 23:45:58	thread:main	X-Track:	level:DEBUG	logger:jdbc.sqltiming                                  	message: org.springframework.jdbc.datasource.init.ScriptUtils.executeSqlScript(ScriptUtils.java:486)
9. insert into bingoRoom(bingoRoomId, roomName, started, finished, createUserId) value(10, "test1", false, false, 3) {executed in 1 msec}
date:2020-01-21 23:45:58	thread:main	X-Track:	level:DEBUG	logger:jdbc.sqltiming                                  	message: org.springframework.jdbc.datasource.init.ScriptUtils.executeSqlScript(ScriptUtils.java:486)
9. insert into bingoRoom(bingoRoomId, roomName, started, finished, createUserId) value(11, "test2", true, false, 3) {executed in 1 msec}
date:2020-01-21 23:45:58	thread:main	X-Track:	level:DEBUG	logger:jdbc.sqltiming                                  	message: org.springframework.jdbc.datasource.init.ScriptUtils.executeSqlScript(ScriptUtils.java:486)
9. insert into bingoRoom(bingoRoomId, roomName, started, finished, createUserId) value(12, "test3", false, true, 3) {executed in 1 msec}
date:2020-01-21 23:45:58	thread:main	X-Track:	level:DEBUG	logger:jdbc.sqltiming                                  	message: org.springframework.jdbc.datasource.init.ScriptUtils.executeSqlScript(ScriptUtils.java:486)
9. insert into bingoRoom(bingoRoomId, roomName, started, finished, createUserId) value(13, "test3", false, true, 4) {executed in 2 msec}
date:2020-01-21 23:45:58	thread:main	X-Track:	level:DEBUG	logger:jdbc.sqltiming                                  	message: org.hibernate.engine.jdbc.internal.ResultSetReturnImpl.extract(ResultSetReturnImpl.java:60)
9. /* select generatedAlias0 from BingoRoom as generatedAlias0 left join generatedAlias0.createUserAccount as generatedAlias1 where generatedAlias1.userId=:param0 */ select bingoroom0_.bingoRoomId as bingoRoo1_1_, bingoroom0_.createUserId as createUs7_1_, bingoroom0_.createdAt as createdA2_1_, bingoroom0_.finished as finished3_1_, bingoroom0_.roomName as roomName4_1_, bingoroom0_.started as started5_1_, bingoroom0_.updatedAt as updatedA6_1_ from bingoRoom bingoroom0_ left outer join userAccount useraccoun1_ on bingoroom0_.createUserId=useraccoun1_.userId where useraccoun1_.userId=3 {executed in 5 msec}
date:2020-01-21 23:45:58	thread:main	X-Track:	level:INFO 	logger:jdbc.resultsettable                             	message:|------------|-------------|----------|---------|---------|--------|----------|
date:2020-01-21 23:45:58	thread:main	X-Track:	level:INFO 	logger:jdbc.resultsettable                             	message:|bingoRoomId |createUserId |createdAt |finished |roomName |started |updatedAt |
date:2020-01-21 23:45:58	thread:main	X-Track:	level:INFO 	logger:jdbc.resultsettable                             	message:|------------|-------------|----------|---------|---------|--------|----------|
date:2020-01-21 23:45:58	thread:main	X-Track:	level:INFO 	logger:jdbc.resultsettable                             	message:|10          |3            |null      |false    |test1    |false   |null      |
date:2020-01-21 23:45:58	thread:main	X-Track:	level:INFO 	logger:jdbc.resultsettable                             	message:|11          |3            |null      |false    |test2    |true    |null      |
date:2020-01-21 23:45:58	thread:main	X-Track:	level:INFO 	logger:jdbc.resultsettable                             	message:|12          |3            |null      |true     |test3    |false   |null      |
date:2020-01-21 23:45:58	thread:main	X-Track:	level:INFO 	logger:jdbc.resultsettable                             	message:|------------|-------------|----------|---------|---------|--------|----------|
date:2020-01-21 23:45:58	thread:main	X-Track:	level:DEBUG	logger:jdbc.sqltiming                                  	message: org.hibernate.engine.jdbc.internal.ResultSetReturnImpl.extract(ResultSetReturnImpl.java:60)
9. select useraccoun0_.userId as userId1_2_0_, useraccoun0_.password as password2_2_0_, useraccoun0_.userName as userName3_2_0_ from userAccount useraccoun0_ where useraccoun0_.userId=3 {executed in 1 msec}
date:2020-01-21 23:45:58	thread:main	X-Track:	level:INFO 	logger:jdbc.resultsettable                             	message:|-------|-----------------------------------------------------------------------------------------|---------|
date:2020-01-21 23:45:58	thread:main	X-Track:	level:INFO 	logger:jdbc.resultsettable                             	message:|userId |password                                                                                 |userName |
date:2020-01-21 23:45:58	thread:main	X-Track:	level:INFO 	logger:jdbc.resultsettable                             	message:|-------|-----------------------------------------------------------------------------------------|---------|
date:2020-01-21 23:45:58	thread:main	X-Track:	level:INFO 	logger:jdbc.resultsettable                             	message:|3      |{pbkdf2}1dd84f42a7a9a173f8f806d736d34939bed6a36e2948e8bfe88801ee5e6e61b815efc389d03165a4 |demo     |
date:2020-01-21 23:45:58	thread:main	X-Track:	level:INFO 	logger:jdbc.resultsettable                             	message:|-------|-----------------------------------------------------------------------------------------|---------|
date:2020-01-21 23:45:58	thread:main	X-Track:	level:DEBUG	logger:o.h.engine.transaction.internal.TransactionImpl 	message:rolling back
date:2020-01-21 23:53:47	thread:main	X-Track:	level:DEBUG	logger:jdbc.sqltiming                                  	message: org.hibernate.tool.schema.internal.exec.GenerationTargetToDatabase.accept(GenerationTargetToDatabase.java:54)
8. alter table bingoResult add constraint FKg9u4xw02q1ai0up60ft7uiy7k foreign key (bingoRoomId) references bingoRoom (bingoRoomId) {executed in 27 msec}
date:2020-01-21 23:53:47	thread:main	X-Track:	level:DEBUG	logger:jdbc.sqltiming                                  	message: org.hibernate.tool.schema.internal.exec.GenerationTargetToDatabase.accept(GenerationTargetToDatabase.java:54)
8. alter table bingoRoom add constraint FK7vlt4te64wuctmwq8b8b3q9tc foreign key (createUserId) references userAccount (userId) {executed in 16 msec}
date:2020-01-21 23:53:47	thread:main	X-Track:	level:DEBUG	logger:o.h.e.t.j.platform.internal.JtaPlatformInitiator	message:No JtaPlatform was specified, checking resolver
date:2020-01-21 23:53:47	thread:main	X-Track:	level:DEBUG	logger:o.h.e.t.j.p.i.JtaPlatformResolverInitiator      	message:No JtaPlatformResolver was specified, using default [org.hibernate.engine.transaction.jta.platform.internal.StandardJtaPlatformResolver]
date:2020-01-21 23:53:47	thread:main	X-Track:	level:DEBUG	logger:o.h.e.t.j.p.internal.StandardJtaPlatformResolver	message:Could not resolve JtaPlatform, using default [org.hibernate.engine.transaction.jta.platform.internal.NoJtaPlatform]
date:2020-01-21 23:53:47	thread:main	X-Track:	level:DEBUG	logger:o.h.engine.transaction.internal.TransactionImpl 	message:On TransactionImpl creation, JpaCompliance#isJpaTransactionComplianceEnabled == false
date:2020-01-21 23:53:47	thread:main	X-Track:	level:DEBUG	logger:o.h.engine.transaction.internal.TransactionImpl 	message:On TransactionImpl creation, JpaCompliance#isJpaTransactionComplianceEnabled == false
date:2020-01-21 23:53:47	thread:main	X-Track:	level:DEBUG	logger:o.h.engine.transaction.internal.TransactionImpl 	message:On TransactionImpl creation, JpaCompliance#isJpaTransactionComplianceEnabled == false
date:2020-01-21 23:53:47	thread:main	X-Track:	level:DEBUG	logger:o.h.engine.transaction.internal.TransactionImpl 	message:On TransactionImpl creation, JpaCompliance#isJpaTransactionComplianceEnabled == false
date:2020-01-21 23:53:47	thread:main	X-Track:	level:DEBUG	logger:o.h.engine.transaction.internal.TransactionImpl 	message:begin
date:2020-01-21 23:53:47	thread:main	X-Track:	level:ERROR	logger:jdbc.audit                                      	message:9. Statement.execute(insert into userAccount(userId, userName, password) values(3, "demo", "{pbkdf2}1dd84f42a7a9a173f8f806d736d34939bed6a36e2948e8bfe88801ee5e6e61b815efc389d03165a4")) insert into userAccount(userId, userName, password) values(3, "demo", "{pbkdf2}1dd84f42a7a9a173f8f806d736d34939bed6a36e2948e8bfe88801ee5e6e61b815efc389d03165a4")
java.sql.SQLIntegrityConstraintViolationException: Duplicate entry '3' for key 'PRIMARY'
	at com.mysql.cj.jdbc.exceptions.SQLError.createSQLException(SQLError.java:117)
	at com.mysql.cj.jdbc.exceptions.SQLError.createSQLException(SQLError.java:97)
	at com.mysql.cj.jdbc.exceptions.SQLExceptionsMapping.translateException(SQLExceptionsMapping.java:122)
	at com.mysql.cj.jdbc.StatementImpl.executeInternal(StatementImpl.java:782)
	at com.mysql.cj.jdbc.StatementImpl.execute(StatementImpl.java:666)
	at org.apache.commons.dbcp2.DelegatingStatement.execute(DelegatingStatement.java:175)
	at org.apache.commons.dbcp2.DelegatingStatement.execute(DelegatingStatement.java:175)
	at net.sf.log4jdbc.StatementSpy.execute(StatementSpy.java:839)
	at org.springframework.jdbc.datasource.init.ScriptUtils.executeSqlScript(ScriptUtils.java:486)
	at org.springframework.jdbc.datasource.init.ResourceDatabasePopulator.populate(ResourceDatabasePopulator.java:240)
	at org.springframework.jdbc.datasource.init.DatabasePopulatorUtils.execute(DatabasePopulatorUtils.java:48)
	at org.springframework.jdbc.datasource.init.ResourceDatabasePopulator.execute(ResourceDatabasePopulator.java:255)
	at org.springframework.test.context.jdbc.SqlScriptsTestExecutionListener.lambda$executeSqlScripts$3(SqlScriptsTestExecutionListener.java:229)
	at org.springframework.transaction.support.TransactionTemplate.execute(TransactionTemplate.java:140)
	at org.springframework.test.context.jdbc.SqlScriptsTestExecutionListener.executeSqlScripts(SqlScriptsTestExecutionListener.java:228)
	at org.springframework.test.context.jdbc.SqlScriptsTestExecutionListener.executeSqlScripts(SqlScriptsTestExecutionListener.java:142)
	at org.springframework.test.context.jdbc.SqlScriptsTestExecutionListener.beforeTestMethod(SqlScriptsTestExecutionListener.java:112)
	at org.springframework.test.context.TestContextManager.beforeTestMethod(TestContextManager.java:291)
	at org.springframework.test.context.junit4.statements.RunBeforeTestMethodCallbacks.evaluate(RunBeforeTestMethodCallbacks.java:74)
	at org.springframework.test.context.junit4.statements.RunAfterTestMethodCallbacks.evaluate(RunAfterTestMethodCallbacks.java:86)
	at org.springframework.test.context.junit4.statements.SpringRepeat.evaluate(SpringRepeat.java:84)
	at org.junit.runners.ParentRunner.runLeaf(ParentRunner.java:325)
	at org.springframework.test.context.junit4.SpringJUnit4ClassRunner.runChild(SpringJUnit4ClassRunner.java:251)
	at org.springframework.test.context.junit4.SpringJUnit4ClassRunner.runChild(SpringJUnit4ClassRunner.java:97)
	at org.junit.runners.ParentRunner$3.run(ParentRunner.java:290)
	at org.junit.runners.ParentRunner$1.schedule(ParentRunner.java:71)
	at org.junit.runners.ParentRunner.runChildren(ParentRunner.java:288)
	at org.junit.runners.ParentRunner.access$000(ParentRunner.java:58)
	at org.junit.runners.ParentRunner$2.evaluate(ParentRunner.java:268)
	at org.springframework.test.context.junit4.statements.RunBeforeTestClassCallbacks.evaluate(RunBeforeTestClassCallbacks.java:61)
	at org.springframework.test.context.junit4.statements.RunAfterTestClassCallbacks.evaluate(RunAfterTestClassCallbacks.java:70)
	at org.junit.runners.ParentRunner.run(ParentRunner.java:363)
	at org.springframework.test.context.junit4.SpringJUnit4ClassRunner.run(SpringJUnit4ClassRunner.java:190)
	at org.eclipse.jdt.internal.junit4.runner.JUnit4TestReference.run(JUnit4TestReference.java:89)
	at org.eclipse.jdt.internal.junit.runner.TestExecution.run(TestExecution.java:41)
	at org.eclipse.jdt.internal.junit.runner.RemoteTestRunner.runTests(RemoteTestRunner.java:542)
	at org.eclipse.jdt.internal.junit.runner.RemoteTestRunner.runTests(RemoteTestRunner.java:770)
	at org.eclipse.jdt.internal.junit.runner.RemoteTestRunner.run(RemoteTestRunner.java:464)
	at org.eclipse.jdt.internal.junit.runner.RemoteTestRunner.main(RemoteTestRunner.java:210)
date:2020-01-21 23:53:47	thread:main	X-Track:	level:ERROR	logger:jdbc.sqlonly                                    	message:9. Statement.execute(insert into userAccount(userId, userName, password) values(3, "demo", "{pbkdf2}1dd84f42a7a9a173f8f806d736d34939bed6a36e2948e8bfe88801ee5e6e61b815efc389d03165a4")) insert into userAccount(userId, userName, password) values(3, "demo", "{pbkdf2}1dd84f42a7a9a173f8f806d736d34939bed6a36e2948e8bfe88801ee5e6e61b815efc389d03165a4")
java.sql.SQLIntegrityConstraintViolationException: Duplicate entry '3' for key 'PRIMARY'
	at com.mysql.cj.jdbc.exceptions.SQLError.createSQLException(SQLError.java:117)
	at com.mysql.cj.jdbc.exceptions.SQLError.createSQLException(SQLError.java:97)
	at com.mysql.cj.jdbc.exceptions.SQLExceptionsMapping.translateException(SQLExceptionsMapping.java:122)
	at com.mysql.cj.jdbc.StatementImpl.executeInternal(StatementImpl.java:782)
	at com.mysql.cj.jdbc.StatementImpl.execute(StatementImpl.java:666)
	at org.apache.commons.dbcp2.DelegatingStatement.execute(DelegatingStatement.java:175)
	at org.apache.commons.dbcp2.DelegatingStatement.execute(DelegatingStatement.java:175)
	at net.sf.log4jdbc.StatementSpy.execute(StatementSpy.java:839)
	at org.springframework.jdbc.datasource.init.ScriptUtils.executeSqlScript(ScriptUtils.java:486)
	at org.springframework.jdbc.datasource.init.ResourceDatabasePopulator.populate(ResourceDatabasePopulator.java:240)
	at org.springframework.jdbc.datasource.init.DatabasePopulatorUtils.execute(DatabasePopulatorUtils.java:48)
	at org.springframework.jdbc.datasource.init.ResourceDatabasePopulator.execute(ResourceDatabasePopulator.java:255)
	at org.springframework.test.context.jdbc.SqlScriptsTestExecutionListener.lambda$executeSqlScripts$3(SqlScriptsTestExecutionListener.java:229)
	at org.springframework.transaction.support.TransactionTemplate.execute(TransactionTemplate.java:140)
	at org.springframework.test.context.jdbc.SqlScriptsTestExecutionListener.executeSqlScripts(SqlScriptsTestExecutionListener.java:228)
	at org.springframework.test.context.jdbc.SqlScriptsTestExecutionListener.executeSqlScripts(SqlScriptsTestExecutionListener.java:142)
	at org.springframework.test.context.jdbc.SqlScriptsTestExecutionListener.beforeTestMethod(SqlScriptsTestExecutionListener.java:112)
	at org.springframework.test.context.TestContextManager.beforeTestMethod(TestContextManager.java:291)
	at org.springframework.test.context.junit4.statements.RunBeforeTestMethodCallbacks.evaluate(RunBeforeTestMethodCallbacks.java:74)
	at org.springframework.test.context.junit4.statements.RunAfterTestMethodCallbacks.evaluate(RunAfterTestMethodCallbacks.java:86)
	at org.springframework.test.context.junit4.statements.SpringRepeat.evaluate(SpringRepeat.java:84)
	at org.junit.runners.ParentRunner.runLeaf(ParentRunner.java:325)
	at org.springframework.test.context.junit4.SpringJUnit4ClassRunner.runChild(SpringJUnit4ClassRunner.java:251)
	at org.springframework.test.context.junit4.SpringJUnit4ClassRunner.runChild(SpringJUnit4ClassRunner.java:97)
	at org.junit.runners.ParentRunner$3.run(ParentRunner.java:290)
	at org.junit.runners.ParentRunner$1.schedule(ParentRunner.java:71)
	at org.junit.runners.ParentRunner.runChildren(ParentRunner.java:288)
	at org.junit.runners.ParentRunner.access$000(ParentRunner.java:58)
	at org.junit.runners.ParentRunner$2.evaluate(ParentRunner.java:268)
	at org.springframework.test.context.junit4.statements.RunBeforeTestClassCallbacks.evaluate(RunBeforeTestClassCallbacks.java:61)
	at org.springframework.test.context.junit4.statements.RunAfterTestClassCallbacks.evaluate(RunAfterTestClassCallbacks.java:70)
	at org.junit.runners.ParentRunner.run(ParentRunner.java:363)
	at org.springframework.test.context.junit4.SpringJUnit4ClassRunner.run(SpringJUnit4ClassRunner.java:190)
	at org.eclipse.jdt.internal.junit4.runner.JUnit4TestReference.run(JUnit4TestReference.java:89)
	at org.eclipse.jdt.internal.junit.runner.TestExecution.run(TestExecution.java:41)
	at org.eclipse.jdt.internal.junit.runner.RemoteTestRunner.runTests(RemoteTestRunner.java:542)
	at org.eclipse.jdt.internal.junit.runner.RemoteTestRunner.runTests(RemoteTestRunner.java:770)
	at org.eclipse.jdt.internal.junit.runner.RemoteTestRunner.run(RemoteTestRunner.java:464)
	at org.eclipse.jdt.internal.junit.runner.RemoteTestRunner.main(RemoteTestRunner.java:210)
date:2020-01-21 23:53:47	thread:main	X-Track:	level:ERROR	logger:jdbc.sqltiming                                  	message: org.springframework.jdbc.datasource.init.ScriptUtils.executeSqlScript(ScriptUtils.java:486)
9. insert into userAccount(userId, userName, password) values(3, "demo", "{pbkdf2}1dd84f42a7a9a173f8f806d736d34939bed6a36e2948e8bfe88801ee5e6e61b815efc389d03165a4") {FAILED after 25 msec}
java.sql.SQLIntegrityConstraintViolationException: Duplicate entry '3' for key 'PRIMARY'
	at com.mysql.cj.jdbc.exceptions.SQLError.createSQLException(SQLError.java:117)
	at com.mysql.cj.jdbc.exceptions.SQLError.createSQLException(SQLError.java:97)
	at com.mysql.cj.jdbc.exceptions.SQLExceptionsMapping.translateException(SQLExceptionsMapping.java:122)
	at com.mysql.cj.jdbc.StatementImpl.executeInternal(StatementImpl.java:782)
	at com.mysql.cj.jdbc.StatementImpl.execute(StatementImpl.java:666)
	at org.apache.commons.dbcp2.DelegatingStatement.execute(DelegatingStatement.java:175)
	at org.apache.commons.dbcp2.DelegatingStatement.execute(DelegatingStatement.java:175)
	at net.sf.log4jdbc.StatementSpy.execute(StatementSpy.java:839)
	at org.springframework.jdbc.datasource.init.ScriptUtils.executeSqlScript(ScriptUtils.java:486)
	at org.springframework.jdbc.datasource.init.ResourceDatabasePopulator.populate(ResourceDatabasePopulator.java:240)
	at org.springframework.jdbc.datasource.init.DatabasePopulatorUtils.execute(DatabasePopulatorUtils.java:48)
	at org.springframework.jdbc.datasource.init.ResourceDatabasePopulator.execute(ResourceDatabasePopulator.java:255)
	at org.springframework.test.context.jdbc.SqlScriptsTestExecutionListener.lambda$executeSqlScripts$3(SqlScriptsTestExecutionListener.java:229)
	at org.springframework.transaction.support.TransactionTemplate.execute(TransactionTemplate.java:140)
	at org.springframework.test.context.jdbc.SqlScriptsTestExecutionListener.executeSqlScripts(SqlScriptsTestExecutionListener.java:228)
	at org.springframework.test.context.jdbc.SqlScriptsTestExecutionListener.executeSqlScripts(SqlScriptsTestExecutionListener.java:142)
	at org.springframework.test.context.jdbc.SqlScriptsTestExecutionListener.beforeTestMethod(SqlScriptsTestExecutionListener.java:112)
	at org.springframework.test.context.TestContextManager.beforeTestMethod(TestContextManager.java:291)
	at org.springframework.test.context.junit4.statements.RunBeforeTestMethodCallbacks.evaluate(RunBeforeTestMethodCallbacks.java:74)
	at org.springframework.test.context.junit4.statements.RunAfterTestMethodCallbacks.evaluate(RunAfterTestMethodCallbacks.java:86)
	at org.springframework.test.context.junit4.statements.SpringRepeat.evaluate(SpringRepeat.java:84)
	at org.junit.runners.ParentRunner.runLeaf(ParentRunner.java:325)
	at org.springframework.test.context.junit4.SpringJUnit4ClassRunner.runChild(SpringJUnit4ClassRunner.java:251)
	at org.springframework.test.context.junit4.SpringJUnit4ClassRunner.runChild(SpringJUnit4ClassRunner.java:97)
	at org.junit.runners.ParentRunner$3.run(ParentRunner.java:290)
	at org.junit.runners.ParentRunner$1.schedule(ParentRunner.java:71)
	at org.junit.runners.ParentRunner.runChildren(ParentRunner.java:288)
	at org.junit.runners.ParentRunner.access$000(ParentRunner.java:58)
	at org.junit.runners.ParentRunner$2.evaluate(ParentRunner.java:268)
	at org.springframework.test.context.junit4.statements.RunBeforeTestClassCallbacks.evaluate(RunBeforeTestClassCallbacks.java:61)
	at org.springframework.test.context.junit4.statements.RunAfterTestClassCallbacks.evaluate(RunAfterTestClassCallbacks.java:70)
	at org.junit.runners.ParentRunner.run(ParentRunner.java:363)
	at org.springframework.test.context.junit4.SpringJUnit4ClassRunner.run(SpringJUnit4ClassRunner.java:190)
	at org.eclipse.jdt.internal.junit4.runner.JUnit4TestReference.run(JUnit4TestReference.java:89)
	at org.eclipse.jdt.internal.junit.runner.TestExecution.run(TestExecution.java:41)
	at org.eclipse.jdt.internal.junit.runner.RemoteTestRunner.runTests(RemoteTestRunner.java:542)
	at org.eclipse.jdt.internal.junit.runner.RemoteTestRunner.runTests(RemoteTestRunner.java:770)
	at org.eclipse.jdt.internal.junit.runner.RemoteTestRunner.run(RemoteTestRunner.java:464)
	at org.eclipse.jdt.internal.junit.runner.RemoteTestRunner.main(RemoteTestRunner.java:210)
date:2020-01-21 23:53:47	thread:main	X-Track:	level:WARN 	logger:o.s.test.context.TestContextManager             	message:Caught exception while invoking 'beforeTestMethod' callback on TestExecutionListener [org.springframework.test.context.jdbc.SqlScriptsTestExecutionListener@31b0f02] for test method [public void com.example.bingo.domain.repository.bingoroom.BingoRoomRepositoryTest.findAllByCreateUserAccountUserId()] and test instance [com.example.bingo.domain.repository.bingoroom.BingoRoomRepositoryTest@19ae2ee5]
org.springframework.jdbc.datasource.init.ScriptStatementFailedException: Failed to execute SQL script statement #1 of class path resource [META-INF/sql/bingoroom/findAllByCreateUserAccountUserId.sql]: insert into userAccount(userId, userName, password) values(3, "demo", "{pbkdf2}1dd84f42a7a9a173f8f806d736d34939bed6a36e2948e8bfe88801ee5e6e61b815efc389d03165a4"); nested exception is java.sql.SQLIntegrityConstraintViolationException: Duplicate entry '3' for key 'PRIMARY'
	at org.springframework.jdbc.datasource.init.ScriptUtils.executeSqlScript(ScriptUtils.java:507)
	at org.springframework.jdbc.datasource.init.ResourceDatabasePopulator.populate(ResourceDatabasePopulator.java:240)
	at org.springframework.jdbc.datasource.init.DatabasePopulatorUtils.execute(DatabasePopulatorUtils.java:48)
	at org.springframework.jdbc.datasource.init.ResourceDatabasePopulator.execute(ResourceDatabasePopulator.java:255)
	at org.springframework.test.context.jdbc.SqlScriptsTestExecutionListener.lambda$executeSqlScripts$3(SqlScriptsTestExecutionListener.java:229)
	at org.springframework.transaction.support.TransactionTemplate.execute(TransactionTemplate.java:140)
	at org.springframework.test.context.jdbc.SqlScriptsTestExecutionListener.executeSqlScripts(SqlScriptsTestExecutionListener.java:228)
	at org.springframework.test.context.jdbc.SqlScriptsTestExecutionListener.executeSqlScripts(SqlScriptsTestExecutionListener.java:142)
	at org.springframework.test.context.jdbc.SqlScriptsTestExecutionListener.beforeTestMethod(SqlScriptsTestExecutionListener.java:112)
	at org.springframework.test.context.TestContextManager.beforeTestMethod(TestContextManager.java:291)
	at org.springframework.test.context.junit4.statements.RunBeforeTestMethodCallbacks.evaluate(RunBeforeTestMethodCallbacks.java:74)
	at org.springframework.test.context.junit4.statements.RunAfterTestMethodCallbacks.evaluate(RunAfterTestMethodCallbacks.java:86)
	at org.springframework.test.context.junit4.statements.SpringRepeat.evaluate(SpringRepeat.java:84)
	at org.junit.runners.ParentRunner.runLeaf(ParentRunner.java:325)
	at org.springframework.test.context.junit4.SpringJUnit4ClassRunner.runChild(SpringJUnit4ClassRunner.java:251)
	at org.springframework.test.context.junit4.SpringJUnit4ClassRunner.runChild(SpringJUnit4ClassRunner.java:97)
	at org.junit.runners.ParentRunner$3.run(ParentRunner.java:290)
	at org.junit.runners.ParentRunner$1.schedule(ParentRunner.java:71)
	at org.junit.runners.ParentRunner.runChildren(ParentRunner.java:288)
	at org.junit.runners.ParentRunner.access$000(ParentRunner.java:58)
	at org.junit.runners.ParentRunner$2.evaluate(ParentRunner.java:268)
	at org.springframework.test.context.junit4.statements.RunBeforeTestClassCallbacks.evaluate(RunBeforeTestClassCallbacks.java:61)
	at org.springframework.test.context.junit4.statements.RunAfterTestClassCallbacks.evaluate(RunAfterTestClassCallbacks.java:70)
	at org.junit.runners.ParentRunner.run(ParentRunner.java:363)
	at org.springframework.test.context.junit4.SpringJUnit4ClassRunner.run(SpringJUnit4ClassRunner.java:190)
	at org.eclipse.jdt.internal.junit4.runner.JUnit4TestReference.run(JUnit4TestReference.java:89)
	at org.eclipse.jdt.internal.junit.runner.TestExecution.run(TestExecution.java:41)
	at org.eclipse.jdt.internal.junit.runner.RemoteTestRunner.runTests(RemoteTestRunner.java:542)
	at org.eclipse.jdt.internal.junit.runner.RemoteTestRunner.runTests(RemoteTestRunner.java:770)
	at org.eclipse.jdt.internal.junit.runner.RemoteTestRunner.run(RemoteTestRunner.java:464)
	at org.eclipse.jdt.internal.junit.runner.RemoteTestRunner.main(RemoteTestRunner.java:210)
Caused by: java.sql.SQLIntegrityConstraintViolationException: Duplicate entry '3' for key 'PRIMARY'
	at com.mysql.cj.jdbc.exceptions.SQLError.createSQLException(SQLError.java:117)
	at com.mysql.cj.jdbc.exceptions.SQLError.createSQLException(SQLError.java:97)
	at com.mysql.cj.jdbc.exceptions.SQLExceptionsMapping.translateException(SQLExceptionsMapping.java:122)
	at com.mysql.cj.jdbc.StatementImpl.executeInternal(StatementImpl.java:782)
	at com.mysql.cj.jdbc.StatementImpl.execute(StatementImpl.java:666)
	at org.apache.commons.dbcp2.DelegatingStatement.execute(DelegatingStatement.java:175)
	at org.apache.commons.dbcp2.DelegatingStatement.execute(DelegatingStatement.java:175)
	at net.sf.log4jdbc.StatementSpy.execute(StatementSpy.java:839)
	at org.springframework.jdbc.datasource.init.ScriptUtils.executeSqlScript(ScriptUtils.java:486)
	... 30 common frames omitted
date:2020-01-21 23:53:48	thread:main	X-Track:	level:DEBUG	logger:o.h.engine.transaction.internal.TransactionImpl 	message:rolling back
